{"C:\\Users\\limin\\Documents\\eswake-booking\\src\\components\\Button.tsx": {"path":"C:\\Users\\limin\\Documents\\eswake-booking\\src\\components\\Button.tsx","statementMap":{"0":{"start":{"line":31,"column":19},"end":{"line":31,"column":null}},"1":{"start":{"line":33,"column":21},"end":{"line":33,"column":null}},"2":{"start":{"line":35,"column":22},"end":{"line":42,"column":null}},"3":{"start":{"line":45,"column":25},"end":{"line":70,"column":null}},"4":{"start":{"line":46,"column":4},"end":{"line":70,"column":null}},"5":{"start":{"line":73,"column":2},"end":{"line":106,"column":null}},"6":{"start":{"line":80,"column":8},"end":{"line":84,"column":null}},"7":{"start":{"line":81,"column":10},"end":{"line":81,"column":null}},"8":{"start":{"line":82,"column":10},"end":{"line":82,"column":null}},"9":{"start":{"line":83,"column":10},"end":{"line":83,"column":null}},"10":{"start":{"line":87,"column":8},"end":{"line":91,"column":null}},"11":{"start":{"line":88,"column":10},"end":{"line":88,"column":null}},"12":{"start":{"line":89,"column":10},"end":{"line":89,"column":null}},"13":{"start":{"line":90,"column":10},"end":{"line":90,"column":null}}},"fnMap":{"0":{"name":"Button","decl":{"start":{"line":18,"column":16},"end":{"line":18,"column":23}},"loc":{"start":{"line":30,"column":16},"end":{"line":108,"column":null}},"line":30},"1":{"name":"(anonymous_1)","decl":{"start":{"line":45,"column":25},"end":{"line":45,"column":null}},"loc":{"start":{"line":46,"column":4},"end":{"line":70,"column":null}},"line":46},"2":{"name":"(anonymous_2)","decl":{"start":{"line":79,"column":20},"end":{"line":79,"column":21}},"loc":{"start":{"line":79,"column":27},"end":{"line":85,"column":null}},"line":79},"3":{"name":"(anonymous_3)","decl":{"start":{"line":86,"column":20},"end":{"line":86,"column":21}},"loc":{"start":{"line":86,"column":27},"end":{"line":92,"column":null}},"line":86}},"branchMap":{"0":{"loc":{"start":{"line":21,"column":2},"end":{"line":21,"column":null}},"type":"default-arg","locations":[{"start":{"line":21,"column":12},"end":{"line":21,"column":null}}],"line":21},"1":{"loc":{"start":{"line":22,"column":2},"end":{"line":22,"column":null}},"type":"default-arg","locations":[{"start":{"line":22,"column":9},"end":{"line":22,"column":null}}],"line":22},"2":{"loc":{"start":{"line":23,"column":2},"end":{"line":23,"column":null}},"type":"default-arg","locations":[{"start":{"line":23,"column":13},"end":{"line":23,"column":null}}],"line":23},"3":{"loc":{"start":{"line":24,"column":2},"end":{"line":24,"column":null}},"type":"default-arg","locations":[{"start":{"line":24,"column":9},"end":{"line":24,"column":null}}],"line":24},"4":{"loc":{"start":{"line":25,"column":2},"end":{"line":25,"column":null}},"type":"default-arg","locations":[{"start":{"line":25,"column":10},"end":{"line":25,"column":null}}],"line":25},"5":{"loc":{"start":{"line":26,"column":2},"end":{"line":26,"column":null}},"type":"default-arg","locations":[{"start":{"line":26,"column":14},"end":{"line":26,"column":null}}],"line":26},"6":{"loc":{"start":{"line":28,"column":2},"end":{"line":28,"column":null}},"type":"default-arg","locations":[{"start":{"line":28,"column":17},"end":{"line":28,"column":null}}],"line":28},"7":{"loc":{"start":{"line":29,"column":2},"end":{"line":29,"column":null}},"type":"default-arg","locations":[{"start":{"line":29,"column":14},"end":{"line":29,"column":null}}],"line":29},"8":{"loc":{"start":{"line":33,"column":21},"end":{"line":33,"column":null}},"type":"binary-expr","locations":[{"start":{"line":33,"column":21},"end":{"line":33,"column":33}},{"start":{"line":33,"column":33},"end":{"line":33,"column":null}}],"line":33},"9":{"loc":{"start":{"line":38,"column":13},"end":{"line":38,"column":null}},"type":"cond-expr","locations":[{"start":{"line":38,"column":26},"end":{"line":38,"column":32}},{"start":{"line":38,"column":32},"end":{"line":38,"column":null}}],"line":38},"10":{"loc":{"start":{"line":39,"column":12},"end":{"line":39,"column":null}},"type":"cond-expr","locations":[{"start":{"line":39,"column":25},"end":{"line":39,"column":41}},{"start":{"line":39,"column":41},"end":{"line":39,"column":null}}],"line":39},"11":{"loc":{"start":{"line":40,"column":11},"end":{"line":40,"column":null}},"type":"cond-expr","locations":[{"start":{"line":40,"column":23},"end":{"line":40,"column":32}},{"start":{"line":40,"column":32},"end":{"line":40,"column":null}}],"line":40},"12":{"loc":{"start":{"line":49,"column":15},"end":{"line":49,"column":null}},"type":"cond-expr","locations":[{"start":{"line":49,"column":34},"end":{"line":49,"column":43}},{"start":{"line":49,"column":43},"end":{"line":49,"column":null}}],"line":49},"13":{"loc":{"start":{"line":49,"column":43},"end":{"line":49,"column":null}},"type":"cond-expr","locations":[{"start":{"line":49,"column":62},"end":{"line":49,"column":71}},{"start":{"line":49,"column":71},"end":{"line":49,"column":null}}],"line":49},"14":{"loc":{"start":{"line":50,"column":16},"end":{"line":50,"column":null}},"type":"cond-expr","locations":[{"start":{"line":50,"column":35},"end":{"line":50,"column":44}},{"start":{"line":50,"column":44},"end":{"line":50,"column":null}}],"line":50},"15":{"loc":{"start":{"line":50,"column":44},"end":{"line":50,"column":null}},"type":"cond-expr","locations":[{"start":{"line":50,"column":63},"end":{"line":50,"column":72}},{"start":{"line":50,"column":72},"end":{"line":50,"column":null}}],"line":50},"16":{"loc":{"start":{"line":76,"column":15},"end":{"line":76,"column":null}},"type":"cond-expr","locations":[{"start":{"line":76,"column":28},"end":{"line":76,"column":40}},{"start":{"line":76,"column":40},"end":{"line":76,"column":null}}],"line":76},"17":{"loc":{"start":{"line":80,"column":8},"end":{"line":84,"column":null}},"type":"if","locations":[{"start":{"line":80,"column":8},"end":{"line":84,"column":null}},{"start":{},"end":{}}],"line":80},"18":{"loc":{"start":{"line":80,"column":12},"end":{"line":80,"column":48}},"type":"binary-expr","locations":[{"start":{"line":80,"column":12},"end":{"line":80,"column":27}},{"start":{"line":80,"column":27},"end":{"line":80,"column":48}}],"line":80},"19":{"loc":{"start":{"line":87,"column":8},"end":{"line":91,"column":null}},"type":"if","locations":[{"start":{"line":87,"column":8},"end":{"line":91,"column":null}},{"start":{},"end":{}}],"line":87},"20":{"loc":{"start":{"line":90,"column":44},"end":{"line":90,"column":null}},"type":"binary-expr","locations":[{"start":{"line":90,"column":44},"end":{"line":90,"column":69}},{"start":{"line":90,"column":69},"end":{"line":90,"column":null}}],"line":90},"21":{"loc":{"start":{"line":94,"column":7},"end":{"line":104,"column":null}},"type":"cond-expr","locations":[{"start":{"line":95,"column":8},"end":{"line":98,"column":null}},{"start":{"line":100,"column":8},"end":{"line":104,"column":null}}],"line":94},"22":{"loc":{"start":{"line":101,"column":11},"end":{"line":101,"column":null}},"type":"binary-expr","locations":[{"start":{"line":101,"column":11},"end":{"line":101,"column":19}},{"start":{"line":101,"column":19},"end":{"line":101,"column":46}},{"start":{"line":101,"column":46},"end":{"line":101,"column":null}}],"line":101},"23":{"loc":{"start":{"line":103,"column":11},"end":{"line":103,"column":null}},"type":"binary-expr","locations":[{"start":{"line":103,"column":11},"end":{"line":103,"column":19}},{"start":{"line":103,"column":19},"end":{"line":103,"column":47}},{"start":{"line":103,"column":47},"end":{"line":103,"column":null}}],"line":103}},"s":{"0":26,"1":26,"2":26,"3":26,"4":5,"5":26,"6":2,"7":1,"8":1,"9":1,"10":1,"11":1,"12":1,"13":1},"f":{"0":26,"1":5,"2":2,"3":1},"b":{"0":[26],"1":[26],"2":[26],"3":[26],"4":[26],"5":[26],"6":[26],"7":[26],"8":[26,23],"9":[8,18],"10":[8,18],"11":[1,25],"12":[0,5],"13":[0,5],"14":[0,5],"15":[0,5],"16":[8,18],"17":[1,1],"18":[2,2],"19":[1,0],"20":[1,0],"21":[5,21],"22":[21,2,1],"23":[21,2,1]},"meta":{"lastBranch":24,"lastFunction":4,"lastStatement":14,"seen":{"f:18:16:18:23":0,"b:21:12:21:Infinity":0,"b:22:9:22:Infinity":1,"b:23:13:23:Infinity":2,"b:24:9:24:Infinity":3,"b:25:10:25:Infinity":4,"b:26:14:26:Infinity":5,"b:28:17:28:Infinity":6,"b:29:14:29:Infinity":7,"s:31:19:31:Infinity":0,"s:33:21:33:Infinity":1,"b:33:21:33:33:33:33:33:Infinity":8,"s:35:22:42:Infinity":2,"b:38:26:38:32:38:32:38:Infinity":9,"b:39:25:39:41:39:41:39:Infinity":10,"b:40:23:40:32:40:32:40:Infinity":11,"s:45:25:70:Infinity":3,"f:45:25:45:Infinity":1,"s:46:4:70:Infinity":4,"b:49:34:49:43:49:43:49:Infinity":12,"b:49:62:49:71:49:71:49:Infinity":13,"b:50:35:50:44:50:44:50:Infinity":14,"b:50:63:50:72:50:72:50:Infinity":15,"s:73:2:106:Infinity":5,"b:76:28:76:40:76:40:76:Infinity":16,"f:79:20:79:21":2,"b:80:8:84:Infinity:undefined:undefined:undefined:undefined":17,"s:80:8:84:Infinity":6,"b:80:12:80:27:80:27:80:48":18,"s:81:10:81:Infinity":7,"s:82:10:82:Infinity":8,"s:83:10:83:Infinity":9,"f:86:20:86:21":3,"b:87:8:91:Infinity:undefined:undefined:undefined:undefined":19,"s:87:8:91:Infinity":10,"s:88:10:88:Infinity":11,"s:89:10:89:Infinity":12,"s:90:10:90:Infinity":13,"b:90:44:90:69:90:69:90:Infinity":20,"b:95:8:98:Infinity:100:8:104:Infinity":21,"b:101:11:101:19:101:19:101:46:101:46:101:Infinity":22,"b:103:11:103:19:103:19:103:47:103:47:103:Infinity":23}}}
,"C:\\Users\\limin\\Documents\\eswake-booking\\src\\components\\LoginPage.tsx": {"path":"C:\\Users\\limin\\Documents\\eswake-booking\\src\\components\\LoginPage.tsx","statementMap":{"0":{"start":{"line":5,"column":28},"end":{"line":5,"column":null}},"1":{"start":{"line":6,"column":24},"end":{"line":6,"column":null}},"2":{"start":{"line":7,"column":36},"end":{"line":7,"column":null}},"3":{"start":{"line":9,"column":2},"end":{"line":14,"column":null}},"4":{"start":{"line":11,"column":22},"end":{"line":11,"column":null}},"5":{"start":{"line":12,"column":19},"end":{"line":12,"column":null}},"6":{"start":{"line":13,"column":4},"end":{"line":13,"column":null}},"7":{"start":{"line":16,"column":28},"end":{"line":31,"column":null}},"8":{"start":{"line":17,"column":4},"end":{"line":17,"column":null}},"9":{"start":{"line":18,"column":4},"end":{"line":18,"column":null}},"10":{"start":{"line":20,"column":22},"end":{"line":25,"column":null}},"11":{"start":{"line":27,"column":4},"end":{"line":30,"column":null}},"12":{"start":{"line":28,"column":6},"end":{"line":28,"column":null}},"13":{"start":{"line":29,"column":6},"end":{"line":29,"column":null}},"14":{"start":{"line":33,"column":2},"end":{"line":95,"column":null}},"15":{"start":{"line":38,"column":10},"end":{"line":43,"column":null}}},"fnMap":{"0":{"name":"LoginPage","decl":{"start":{"line":4,"column":16},"end":{"line":4,"column":28}},"loc":{"start":{"line":4,"column":28},"end":{"line":97,"column":null}},"line":4},"1":{"name":"(anonymous_1)","decl":{"start":{"line":9,"column":12},"end":{"line":9,"column":18}},"loc":{"start":{"line":9,"column":18},"end":{"line":14,"column":5}},"line":9},"2":{"name":"(anonymous_2)","decl":{"start":{"line":16,"column":28},"end":{"line":16,"column":40}},"loc":{"start":{"line":16,"column":40},"end":{"line":31,"column":null}},"line":16},"3":{"name":"(anonymous_3)","decl":{"start":{"line":37,"column":40},"end":{"line":37,"column":41}},"loc":{"start":{"line":38,"column":10},"end":{"line":43,"column":null}},"line":38}},"branchMap":{"0":{"loc":{"start":{"line":11,"column":22},"end":{"line":11,"column":null}},"type":"binary-expr","locations":[{"start":{"line":11,"column":22},"end":{"line":11,"column":45}},{"start":{"line":11,"column":45},"end":{"line":11,"column":null}}],"line":11},"1":{"loc":{"start":{"line":27,"column":4},"end":{"line":30,"column":null}},"type":"if","locations":[{"start":{"line":27,"column":4},"end":{"line":30,"column":null}},{"start":{},"end":{}}],"line":27},"2":{"loc":{"start":{"line":55,"column":9},"end":{"line":63,"column":null}},"type":"binary-expr","locations":[{"start":{"line":55,"column":9},"end":{"line":55,"column":null}},{"start":{"line":56,"column":10},"end":{"line":63,"column":null}}],"line":55},"3":{"loc":{"start":{"line":66,"column":9},"end":{"line":69,"column":null}},"type":"binary-expr","locations":[{"start":{"line":66,"column":9},"end":{"line":66,"column":null}},{"start":{"line":67,"column":10},"end":{"line":69,"column":null}}],"line":66},"4":{"loc":{"start":{"line":79,"column":14},"end":{"line":79,"column":96}},"type":"cond-expr","locations":[{"start":{"line":79,"column":24},"end":{"line":79,"column":58}},{"start":{"line":79,"column":58},"end":{"line":79,"column":96}}],"line":79},"5":{"loc":{"start":{"line":88,"column":11},"end":{"line":88,"column":null}},"type":"cond-expr","locations":[{"start":{"line":88,"column":21},"end":{"line":88,"column":32}},{"start":{"line":88,"column":32},"end":{"line":88,"column":null}}],"line":88}},"s":{"0":16,"1":16,"2":16,"3":16,"4":7,"5":7,"6":7,"7":16,"8":3,"9":3,"10":3,"11":3,"12":1,"13":1,"14":16,"15":192},"f":{"0":16,"1":7,"2":3,"3":192},"b":{"0":[7,0],"1":[1,2],"2":[16,2],"3":[16,1],"4":[6,10],"5":[6,10]},"meta":{"lastBranch":6,"lastFunction":4,"lastStatement":16,"seen":{"f:4:16:4:28":0,"s:5:28:5:Infinity":0,"s:6:24:6:Infinity":1,"s:7:36:7:Infinity":2,"s:9:2:14:Infinity":3,"f:9:12:9:18":1,"s:11:22:11:Infinity":4,"b:11:22:11:45:11:45:11:Infinity":0,"s:12:19:12:Infinity":5,"s:13:4:13:Infinity":6,"s:16:28:31:Infinity":7,"f:16:28:16:40":2,"s:17:4:17:Infinity":8,"s:18:4:18:Infinity":9,"s:20:22:25:Infinity":10,"b:27:4:30:Infinity:undefined:undefined:undefined:undefined":1,"s:27:4:30:Infinity":11,"s:28:6:28:Infinity":12,"s:29:6:29:Infinity":13,"s:33:2:95:Infinity":14,"f:37:40:37:41":3,"s:38:10:43:Infinity":15,"b:55:9:55:Infinity:56:10:63:Infinity":2,"b:66:9:66:Infinity:67:10:69:Infinity":3,"b:79:24:79:58:79:58:79:96":4,"b:88:21:88:32:88:32:88:Infinity":5}}}
,"C:\\Users\\limin\\Documents\\eswake-booking\\src\\components\\ui\\Card.tsx": {"path":"C:\\Users\\limin\\Documents\\eswake-booking\\src\\components\\ui\\Card.tsx","statementMap":{"0":{"start":{"line":13,"column":41},"end":{"line":78,"column":null}},"1":{"start":{"line":22,"column":19},"end":{"line":22,"column":null}},"2":{"start":{"line":23,"column":32},"end":{"line":23,"column":null}},"3":{"start":{"line":25,"column":20},"end":{"line":33,"column":null}},"4":{"start":{"line":35,"column":2},"end":{"line":76,"column":null}},"5":{"start":{"line":38,"column":26},"end":{"line":38,"column":null}},"6":{"start":{"line":39,"column":26},"end":{"line":39,"column":null}}},"fnMap":{"0":{"name":"(anonymous_0)","decl":{"start":{"line":13,"column":41},"end":{"line":13,"column":42}},"loc":{"start":{"line":21,"column":6},"end":{"line":78,"column":null}},"line":21},"1":{"name":"(anonymous_1)","decl":{"start":{"line":38,"column":20},"end":{"line":38,"column":26}},"loc":{"start":{"line":38,"column":26},"end":{"line":38,"column":null}},"line":38},"2":{"name":"(anonymous_2)","decl":{"start":{"line":39,"column":20},"end":{"line":39,"column":26}},"loc":{"start":{"line":39,"column":26},"end":{"line":39,"column":null}},"line":39}},"branchMap":{"0":{"loc":{"start":{"line":14,"column":2},"end":{"line":14,"column":null}},"type":"default-arg","locations":[{"start":{"line":14,"column":12},"end":{"line":14,"column":null}}],"line":14},"1":{"loc":{"start":{"line":17,"column":2},"end":{"line":17,"column":null}},"type":"default-arg","locations":[{"start":{"line":17,"column":14},"end":{"line":17,"column":null}}],"line":17},"2":{"loc":{"start":{"line":19,"column":2},"end":{"line":19,"column":null}},"type":"default-arg","locations":[{"start":{"line":19,"column":16},"end":{"line":19,"column":null}}],"line":19},"3":{"loc":{"start":{"line":28,"column":8},"end":{"line":31,"column":null}},"type":"binary-expr","locations":[{"start":{"line":28,"column":8},"end":{"line":28,"column":21}},{"start":{"line":28,"column":21},"end":{"line":28,"column":34}},{"start":{"line":28,"column":34},"end":{"line":31,"column":null}}],"line":28},"4":{"loc":{"start":{"line":32,"column":12},"end":{"line":32,"column":null}},"type":"cond-expr","locations":[{"start":{"line":32,"column":24},"end":{"line":32,"column":36}},{"start":{"line":32,"column":36},"end":{"line":32,"column":null}}],"line":32},"5":{"loc":{"start":{"line":38,"column":26},"end":{"line":38,"column":null}},"type":"binary-expr","locations":[{"start":{"line":38,"column":26},"end":{"line":38,"column":39}},{"start":{"line":38,"column":39},"end":{"line":38,"column":null}}],"line":38},"6":{"loc":{"start":{"line":39,"column":26},"end":{"line":39,"column":null}},"type":"binary-expr","locations":[{"start":{"line":39,"column":26},"end":{"line":39,"column":39}},{"start":{"line":39,"column":39},"end":{"line":39,"column":null}}],"line":39},"7":{"loc":{"start":{"line":42,"column":7},"end":{"line":73,"column":null}},"type":"binary-expr","locations":[{"start":{"line":42,"column":7},"end":{"line":42,"column":null}},{"start":{"line":43,"column":8},"end":{"line":73,"column":null}}],"line":42},"8":{"loc":{"start":{"line":47,"column":26},"end":{"line":47,"column":null}},"type":"cond-expr","locations":[{"start":{"line":47,"column":37},"end":{"line":47,"column":63}},{"start":{"line":47,"column":63},"end":{"line":47,"column":null}}],"line":47},"9":{"loc":{"start":{"line":52,"column":11},"end":{"line":61,"column":null}},"type":"binary-expr","locations":[{"start":{"line":52,"column":11},"end":{"line":52,"column":null}},{"start":{"line":53,"column":12},"end":{"line":61,"column":null}}],"line":52},"10":{"loc":{"start":{"line":66,"column":49},"end":{"line":66,"column":80}},"type":"cond-expr","locations":[{"start":{"line":66,"column":60},"end":{"line":66,"column":71}},{"start":{"line":66,"column":71},"end":{"line":66,"column":80}}],"line":66}},"s":{"0":1,"1":26,"2":26,"3":26,"4":26,"5":2,"6":2},"f":{"0":26,"1":2,"2":2},"b":{"0":[26],"1":[26],"2":[26],"3":[26,9,4],"4":[9,17],"5":[2,2],"6":[2,2],"7":[26,5],"8":[0,5],"9":[5,2],"10":[0,5]},"meta":{"lastBranch":11,"lastFunction":3,"lastStatement":7,"seen":{"s:13:41:78:Infinity":0,"f:13:41:13:42":0,"b:14:12:14:Infinity":0,"b:17:14:17:Infinity":1,"b:19:16:19:Infinity":2,"s:22:19:22:Infinity":1,"s:23:32:23:Infinity":2,"s:25:20:33:Infinity":3,"b:28:8:28:21:28:21:28:34:28:34:31:Infinity":3,"b:32:24:32:36:32:36:32:Infinity":4,"s:35:2:76:Infinity":4,"f:38:20:38:26":1,"s:38:26:38:Infinity":5,"b:38:26:38:39:38:39:38:Infinity":5,"f:39:20:39:26":2,"s:39:26:39:Infinity":6,"b:39:26:39:39:39:39:39:Infinity":6,"b:42:7:42:Infinity:43:8:73:Infinity":7,"b:47:37:47:63:47:63:47:Infinity":8,"b:52:11:52:Infinity:53:12:61:Infinity":9,"b:66:60:66:71:66:71:66:80":10}}}
,"C:\\Users\\limin\\Documents\\eswake-booking\\src\\components\\ui\\Input.tsx": {"path":"C:\\Users\\limin\\Documents\\eswake-booking\\src\\components\\ui\\Input.tsx","statementMap":{"0":{"start":{"line":15,"column":13},"end":{"line":104,"column":null}},"1":{"start":{"line":30,"column":21},"end":{"line":30,"column":null}},"2":{"start":{"line":31,"column":34},"end":{"line":31,"column":null}},"3":{"start":{"line":33,"column":23},"end":{"line":37,"column":null}},"4":{"start":{"line":39,"column":23},"end":{"line":45,"column":null}},"5":{"start":{"line":47,"column":48},"end":{"line":50,"column":null}},"6":{"start":{"line":52,"column":44},"end":{"line":58,"column":null}},"7":{"start":{"line":60,"column":45},"end":{"line":64,"column":null}},"8":{"start":{"line":66,"column":31},"end":{"line":76,"column":null}},"9":{"start":{"line":66,"column":85},"end":{"line":76,"column":null}},"10":{"start":{"line":78,"column":4},"end":{"line":101,"column":null}},"11":{"start":{"line":87,"column":14},"end":{"line":87,"column":null}},"12":{"start":{"line":88,"column":14},"end":{"line":88,"column":null}},"13":{"start":{"line":91,"column":14},"end":{"line":91,"column":null}},"14":{"start":{"line":92,"column":14},"end":{"line":92,"column":null}},"15":{"start":{"line":106,"column":0},"end":{"line":106,"column":null}}},"fnMap":{"0":{"name":"(anonymous_0)","decl":{"start":{"line":16,"column":2},"end":{"line":16,"column":null}},"loc":{"start":{"line":29,"column":7},"end":{"line":103,"column":null}},"line":29},"1":{"name":"(anonymous_1)","decl":{"start":{"line":66,"column":31},"end":{"line":66,"column":32}},"loc":{"start":{"line":66,"column":85},"end":{"line":76,"column":null}},"line":66},"2":{"name":"(anonymous_2)","decl":{"start":{"line":86,"column":21},"end":{"line":86,"column":22}},"loc":{"start":{"line":86,"column":28},"end":{"line":89,"column":null}},"line":86},"3":{"name":"(anonymous_3)","decl":{"start":{"line":90,"column":20},"end":{"line":90,"column":21}},"loc":{"start":{"line":90,"column":27},"end":{"line":93,"column":null}},"line":90}},"branchMap":{"0":{"loc":{"start":{"line":21,"column":6},"end":{"line":21,"column":null}},"type":"default-arg","locations":[{"start":{"line":21,"column":18},"end":{"line":21,"column":null}}],"line":21},"1":{"loc":{"start":{"line":22,"column":6},"end":{"line":22,"column":null}},"type":"default-arg","locations":[{"start":{"line":22,"column":13},"end":{"line":22,"column":null}}],"line":22},"2":{"loc":{"start":{"line":34,"column":24},"end":{"line":34,"column":59}},"type":"cond-expr","locations":[{"start":{"line":34,"column":35},"end":{"line":34,"column":48}},{"start":{"line":34,"column":48},"end":{"line":34,"column":59}}],"line":34},"3":{"loc":{"start":{"line":35,"column":25},"end":{"line":35,"column":62}},"type":"cond-expr","locations":[{"start":{"line":35,"column":36},"end":{"line":35,"column":50}},{"start":{"line":35,"column":50},"end":{"line":35,"column":62}}],"line":35},"4":{"loc":{"start":{"line":36,"column":24},"end":{"line":36,"column":61}},"type":"cond-expr","locations":[{"start":{"line":36,"column":35},"end":{"line":36,"column":49}},{"start":{"line":36,"column":49},"end":{"line":36,"column":61}}],"line":36},"5":{"loc":{"start":{"line":42,"column":10},"end":{"line":42,"column":null}},"type":"binary-expr","locations":[{"start":{"line":42,"column":10},"end":{"line":42,"column":22}},{"start":{"line":42,"column":22},"end":{"line":42,"column":null}}],"line":42},"6":{"loc":{"start":{"line":43,"column":10},"end":{"line":43,"column":null}},"type":"binary-expr","locations":[{"start":{"line":43,"column":10},"end":{"line":43,"column":23}},{"start":{"line":43,"column":23},"end":{"line":43,"column":null}}],"line":43},"7":{"loc":{"start":{"line":48,"column":13},"end":{"line":48,"column":null}},"type":"cond-expr","locations":[{"start":{"line":48,"column":25},"end":{"line":48,"column":34}},{"start":{"line":48,"column":34},"end":{"line":48,"column":null}}],"line":48},"8":{"loc":{"start":{"line":49,"column":21},"end":{"line":49,"column":null}},"type":"cond-expr","locations":[{"start":{"line":49,"column":53},"end":{"line":49,"column":79}},{"start":{"line":49,"column":79},"end":{"line":49,"column":null}}],"line":49},"9":{"loc":{"start":{"line":49,"column":21},"end":{"line":49,"column":53}},"type":"binary-expr","locations":[{"start":{"line":49,"column":21},"end":{"line":49,"column":30}},{"start":{"line":49,"column":30},"end":{"line":49,"column":39}},{"start":{"line":49,"column":39},"end":{"line":49,"column":53}}],"line":49},"10":{"loc":{"start":{"line":55,"column":48},"end":{"line":55,"column":79}},"type":"cond-expr","locations":[{"start":{"line":55,"column":59},"end":{"line":55,"column":70}},{"start":{"line":55,"column":70},"end":{"line":55,"column":79}}],"line":55},"11":{"loc":{"start":{"line":57,"column":13},"end":{"line":57,"column":null}},"type":"cond-expr","locations":[{"start":{"line":57,"column":21},"end":{"line":57,"column":55}},{"start":{"line":57,"column":55},"end":{"line":57,"column":null}}],"line":57},"12":{"loc":{"start":{"line":62,"column":46},"end":{"line":62,"column":77}},"type":"cond-expr","locations":[{"start":{"line":62,"column":57},"end":{"line":62,"column":68}},{"start":{"line":62,"column":68},"end":{"line":62,"column":77}}],"line":62},"13":{"loc":{"start":{"line":63,"column":13},"end":{"line":63,"column":null}},"type":"cond-expr","locations":[{"start":{"line":63,"column":21},"end":{"line":63,"column":55}},{"start":{"line":63,"column":55},"end":{"line":63,"column":null}}],"line":63},"14":{"loc":{"start":{"line":80,"column":9},"end":{"line":80,"column":null}},"type":"binary-expr","locations":[{"start":{"line":80,"column":9},"end":{"line":80,"column":18}},{"start":{"line":80,"column":18},"end":{"line":80,"column":null}}],"line":80},"15":{"loc":{"start":{"line":82,"column":11},"end":{"line":82,"column":null}},"type":"binary-expr","locations":[{"start":{"line":82,"column":11},"end":{"line":82,"column":23}},{"start":{"line":82,"column":23},"end":{"line":82,"column":null}}],"line":82},"16":{"loc":{"start":{"line":96,"column":11},"end":{"line":96,"column":null}},"type":"binary-expr","locations":[{"start":{"line":96,"column":11},"end":{"line":96,"column":24}},{"start":{"line":96,"column":24},"end":{"line":96,"column":null}}],"line":96},"17":{"loc":{"start":{"line":97,"column":8},"end":{"line":99,"column":null}},"type":"binary-expr","locations":[{"start":{"line":98,"column":10},"end":{"line":98,"column":19}},{"start":{"line":98,"column":19},"end":{"line":98,"column":null}},{"start":{"line":99,"column":10},"end":{"line":99,"column":null}}],"line":97},"18":{"loc":{"start":{"line":99,"column":36},"end":{"line":99,"column":56}},"type":"binary-expr","locations":[{"start":{"line":99,"column":36},"end":{"line":99,"column":45}},{"start":{"line":99,"column":45},"end":{"line":99,"column":56}}],"line":99}},"s":{"0":1,"1":30,"2":30,"3":30,"4":30,"5":30,"6":30,"7":30,"8":30,"9":4,"10":30,"11":2,"12":2,"13":0,"14":0,"15":1},"f":{"0":30,"1":4,"2":2,"3":0},"b":{"0":[30],"1":[30],"2":[0,30],"3":[0,30],"4":[0,30],"5":[30,2],"6":[30,2],"7":[29,1],"8":[5,25],"9":[30,28,26],"10":[0,30],"11":[3,27],"12":[0,30],"13":[3,27],"14":[30,2],"15":[30,2],"16":[30,2],"17":[30,27,4],"18":[4,1]},"meta":{"lastBranch":19,"lastFunction":4,"lastStatement":16,"seen":{"s:15:13:104:Infinity":0,"f:16:2:16:Infinity":0,"b:21:18:21:Infinity":0,"b:22:13:22:Infinity":1,"s:30:21:30:Infinity":1,"s:31:34:31:Infinity":2,"s:33:23:37:Infinity":3,"b:34:35:34:48:34:48:34:59":2,"b:35:36:35:50:35:50:35:62":3,"b:36:35:36:49:36:49:36:61":4,"s:39:23:45:Infinity":4,"b:42:10:42:22:42:22:42:Infinity":5,"b:43:10:43:23:43:23:43:Infinity":6,"s:47:48:50:Infinity":5,"b:48:25:48:34:48:34:48:Infinity":7,"b:49:53:49:79:49:79:49:Infinity":8,"b:49:21:49:30:49:30:49:39:49:39:49:53":9,"s:52:44:58:Infinity":6,"b:55:59:55:70:55:70:55:79":10,"b:57:21:57:55:57:55:57:Infinity":11,"s:60:45:64:Infinity":7,"b:62:57:62:68:62:68:62:77":12,"b:63:21:63:55:63:55:63:Infinity":13,"s:66:31:76:Infinity":8,"f:66:31:66:32":1,"s:66:85:76:Infinity":9,"s:78:4:101:Infinity":10,"b:80:9:80:18:80:18:80:Infinity":14,"b:82:11:82:23:82:23:82:Infinity":15,"f:86:21:86:22":2,"s:87:14:87:Infinity":11,"s:88:14:88:Infinity":12,"f:90:20:90:21":3,"s:91:14:91:Infinity":13,"s:92:14:92:Infinity":14,"b:96:11:96:24:96:24:96:Infinity":16,"b:98:10:98:19:98:19:98:Infinity:99:10:99:Infinity":17,"b:99:36:99:45:99:45:99:56":18,"s:106:0:106:Infinity":15}}}
,"C:\\Users\\limin\\Documents\\eswake-booking\\src\\contexts\\AuthContext.tsx": {"path":"C:\\Users\\limin\\Documents\\eswake-booking\\src\\contexts\\AuthContext.tsx","statementMap":{"0":{"start":{"line":11,"column":6},"end":{"line":11,"column":null}},"1":{"start":{"line":14,"column":22},"end":{"line":14,"column":null}},"2":{"start":{"line":15,"column":28},"end":{"line":15,"column":null}},"3":{"start":{"line":17,"column":2},"end":{"line":30,"column":null}},"4":{"start":{"line":19,"column":4},"end":{"line":22,"column":null}},"5":{"start":{"line":20,"column":6},"end":{"line":20,"column":null}},"6":{"start":{"line":21,"column":6},"end":{"line":21,"column":null}},"7":{"start":{"line":25,"column":39},"end":{"line":27,"column":null}},"8":{"start":{"line":26,"column":6},"end":{"line":26,"column":null}},"9":{"start":{"line":29,"column":4},"end":{"line":29,"column":null}},"10":{"start":{"line":29,"column":17},"end":{"line":29,"column":null}},"11":{"start":{"line":32,"column":2},"end":{"line":35,"column":null}},"12":{"start":{"line":40,"column":8},"end":{"line":40,"column":null}},"13":{"start":{"line":41,"column":2},"end":{"line":43,"column":null}},"14":{"start":{"line":42,"column":4},"end":{"line":42,"column":null}},"15":{"start":{"line":44,"column":2},"end":{"line":44,"column":null}},"16":{"start":{"line":49,"column":19},"end":{"line":49,"column":null}},"17":{"start":{"line":50,"column":2},"end":{"line":52,"column":null}},"18":{"start":{"line":51,"column":4},"end":{"line":51,"column":null}},"19":{"start":{"line":53,"column":2},"end":{"line":53,"column":null}}},"fnMap":{"0":{"name":"AuthProvider","decl":{"start":{"line":13,"column":16},"end":{"line":13,"column":29}},"loc":{"start":{"line":13,"column":68},"end":{"line":37,"column":null}},"line":13},"1":{"name":"(anonymous_1)","decl":{"start":{"line":17,"column":12},"end":{"line":17,"column":18}},"loc":{"start":{"line":17,"column":18},"end":{"line":30,"column":5}},"line":17},"2":{"name":"(anonymous_2)","decl":{"start":{"line":19,"column":36},"end":{"line":19,"column":37}},"loc":{"start":{"line":19,"column":63},"end":{"line":22,"column":5}},"line":19},"3":{"name":"(anonymous_3)","decl":{"start":{"line":25,"column":71},"end":{"line":25,"column":72}},"loc":{"start":{"line":25,"column":92},"end":{"line":27,"column":5}},"line":25},"4":{"name":"(anonymous_4)","decl":{"start":{"line":29,"column":11},"end":{"line":29,"column":17}},"loc":{"start":{"line":29,"column":17},"end":{"line":29,"column":null}},"line":29},"5":{"name":"useAuth","decl":{"start":{"line":39,"column":16},"end":{"line":39,"column":26}},"loc":{"start":{"line":39,"column":26},"end":{"line":45,"column":null}},"line":39},"6":{"name":"useAuthUser","decl":{"start":{"line":48,"column":16},"end":{"line":48,"column":36}},"loc":{"start":{"line":48,"column":36},"end":{"line":54,"column":null}},"line":48}},"branchMap":{"0":{"loc":{"start":{"line":20,"column":14},"end":{"line":20,"column":35}},"type":"binary-expr","locations":[{"start":{"line":20,"column":14},"end":{"line":20,"column":31}},{"start":{"line":20,"column":31},"end":{"line":20,"column":35}}],"line":20},"1":{"loc":{"start":{"line":26,"column":14},"end":{"line":26,"column":35}},"type":"binary-expr","locations":[{"start":{"line":26,"column":14},"end":{"line":26,"column":31}},{"start":{"line":26,"column":31},"end":{"line":26,"column":35}}],"line":26},"2":{"loc":{"start":{"line":41,"column":2},"end":{"line":43,"column":null}},"type":"if","locations":[{"start":{"line":41,"column":2},"end":{"line":43,"column":null}},{"start":{},"end":{}}],"line":41},"3":{"loc":{"start":{"line":50,"column":2},"end":{"line":52,"column":null}},"type":"if","locations":[{"start":{"line":50,"column":2},"end":{"line":52,"column":null}},{"start":{},"end":{}}],"line":50}},"s":{"0":1,"1":10,"2":10,"3":10,"4":4,"5":4,"6":4,"7":4,"8":0,"9":4,"10":4,"11":10,"12":12,"13":12,"14":2,"15":10,"16":3,"17":3,"18":2,"19":1},"f":{"0":10,"1":4,"2":4,"3":0,"4":4,"5":12,"6":3},"b":{"0":[4,2],"1":[0,0],"2":[2,10],"3":[2,1]},"meta":{"lastBranch":4,"lastFunction":7,"lastStatement":20,"seen":{"s:11:6:11:Infinity":0,"f:13:16:13:29":0,"s:14:22:14:Infinity":1,"s:15:28:15:Infinity":2,"s:17:2:30:Infinity":3,"f:17:12:17:18":1,"s:19:4:22:Infinity":4,"f:19:36:19:37":2,"s:20:6:20:Infinity":5,"b:20:14:20:31:20:31:20:35":0,"s:21:6:21:Infinity":6,"s:25:39:27:Infinity":7,"f:25:71:25:72":3,"s:26:6:26:Infinity":8,"b:26:14:26:31:26:31:26:35":1,"s:29:4:29:Infinity":9,"f:29:11:29:17":4,"s:29:17:29:Infinity":10,"s:32:2:35:Infinity":11,"f:39:16:39:26":5,"s:40:8:40:Infinity":12,"b:41:2:43:Infinity:undefined:undefined:undefined:undefined":2,"s:41:2:43:Infinity":13,"s:42:4:42:Infinity":14,"s:44:2:44:Infinity":15,"f:48:16:48:36":6,"s:49:19:49:Infinity":16,"b:50:2:52:Infinity:undefined:undefined:undefined:undefined":3,"s:50:2:52:Infinity":17,"s:51:4:51:Infinity":18,"s:53:2:53:Infinity":19}}}
,"C:\\Users\\limin\\Documents\\eswake-booking\\src\\hooks\\useResponsive.ts": {"path":"C:\\Users\\limin\\Documents\\eswake-booking\\src\\hooks\\useResponsive.ts","statementMap":{"0":{"start":{"line":3,"column":29},"end":{"line":24,"column":null}},"1":{"start":{"line":4,"column":30},"end":{"line":4,"column":null}},"2":{"start":{"line":5,"column":36},"end":{"line":5,"column":null}},"3":{"start":{"line":7,"column":2},"end":{"line":21,"column":null}},"4":{"start":{"line":8,"column":28},"end":{"line":11,"column":null}},"5":{"start":{"line":9,"column":6},"end":{"line":9,"column":null}},"6":{"start":{"line":10,"column":6},"end":{"line":10,"column":null}},"7":{"start":{"line":13,"column":4},"end":{"line":13,"column":null}},"8":{"start":{"line":14,"column":4},"end":{"line":14,"column":null}},"9":{"start":{"line":15,"column":4},"end":{"line":15,"column":null}},"10":{"start":{"line":17,"column":4},"end":{"line":20,"column":null}},"11":{"start":{"line":18,"column":6},"end":{"line":18,"column":null}},"12":{"start":{"line":19,"column":6},"end":{"line":19,"column":null}},"13":{"start":{"line":23,"column":2},"end":{"line":23,"column":null}}},"fnMap":{"0":{"name":"(anonymous_0)","decl":{"start":{"line":3,"column":29},"end":{"line":3,"column":35}},"loc":{"start":{"line":3,"column":35},"end":{"line":24,"column":null}},"line":3},"1":{"name":"(anonymous_1)","decl":{"start":{"line":7,"column":12},"end":{"line":7,"column":18}},"loc":{"start":{"line":7,"column":18},"end":{"line":21,"column":5}},"line":7},"2":{"name":"(anonymous_2)","decl":{"start":{"line":8,"column":28},"end":{"line":8,"column":34}},"loc":{"start":{"line":8,"column":34},"end":{"line":11,"column":null}},"line":8},"3":{"name":"(anonymous_3)","decl":{"start":{"line":17,"column":11},"end":{"line":17,"column":17}},"loc":{"start":{"line":17,"column":17},"end":{"line":20,"column":null}},"line":17}},"branchMap":{"0":{"loc":{"start":{"line":10,"column":21},"end":{"line":10,"column":87}},"type":"binary-expr","locations":[{"start":{"line":10,"column":21},"end":{"line":10,"column":63}},{"start":{"line":10,"column":63},"end":{"line":10,"column":87}}],"line":10}},"s":{"0":3,"1":82,"2":82,"3":82,"4":66,"5":66,"6":66,"7":66,"8":66,"9":66,"10":66,"11":66,"12":66,"13":82},"f":{"0":82,"1":66,"2":66,"3":66},"b":{"0":[66,66]},"meta":{"lastBranch":1,"lastFunction":4,"lastStatement":14,"seen":{"s:3:29:24:Infinity":0,"f:3:29:3:35":0,"s:4:30:4:Infinity":1,"s:5:36:5:Infinity":2,"s:7:2:21:Infinity":3,"f:7:12:7:18":1,"s:8:28:11:Infinity":4,"f:8:28:8:34":2,"s:9:6:9:Infinity":5,"s:10:6:10:Infinity":6,"b:10:21:10:63:10:63:10:87":0,"s:13:4:13:Infinity":7,"s:14:4:14:Infinity":8,"s:15:4:15:Infinity":9,"s:17:4:20:Infinity":10,"f:17:11:17:17":3,"s:18:6:18:Infinity":11,"s:19:6:19:Infinity":12,"s:23:2:23:Infinity":13}}}
,"C:\\Users\\limin\\Documents\\eswake-booking\\src\\styles\\designSystem.ts": {"path":"C:\\Users\\limin\\Documents\\eswake-booking\\src\\styles\\designSystem.ts","statementMap":{"0":{"start":{"line":143,"column":42},"end":{"line":280,"column":null}},"1":{"start":{"line":283,"column":30},"end":{"line":364,"column":null}},"2":{"start":{"line":288,"column":41},"end":{"line":299,"column":null}},"3":{"start":{"line":301,"column":21},"end":{"line":314,"column":null}},"4":{"start":{"line":316,"column":61},"end":{"line":357,"column":null}},"5":{"start":{"line":359,"column":2},"end":{"line":363,"column":null}},"6":{"start":{"line":367,"column":28},"end":{"line":374,"column":null}},"7":{"start":{"line":367,"column":81},"end":{"line":374,"column":null}},"8":{"start":{"line":377,"column":30},"end":{"line":407,"column":null}},"9":{"start":{"line":381,"column":15},"end":{"line":381,"column":null}},"10":{"start":{"line":383,"column":19},"end":{"line":404,"column":null}},"11":{"start":{"line":406,"column":2},"end":{"line":406,"column":null}},"12":{"start":{"line":410,"column":29},"end":{"line":436,"column":null}},"13":{"start":{"line":415,"column":20},"end":{"line":415,"column":null}},"14":{"start":{"line":416,"column":18},"end":{"line":416,"column":null}},"15":{"start":{"line":418,"column":2},"end":{"line":424,"column":null}},"16":{"start":{"line":419,"column":4},"end":{"line":419,"column":null}},"17":{"start":{"line":420,"column":4},"end":{"line":420,"column":null}},"18":{"start":{"line":421,"column":2},"end":{"line":424,"column":null}},"19":{"start":{"line":422,"column":4},"end":{"line":422,"column":null}},"20":{"start":{"line":423,"column":4},"end":{"line":423,"column":null}},"21":{"start":{"line":426,"column":2},"end":{"line":435,"column":null}},"22":{"start":{"line":439,"column":29},"end":{"line":445,"column":null}},"23":{"start":{"line":439,"column":82},"end":{"line":445,"column":null}},"24":{"start":{"line":448,"column":28},"end":{"line":455,"column":null}},"25":{"start":{"line":451,"column":27},"end":{"line":455,"column":null}},"26":{"start":{"line":458,"column":33},"end":{"line":460,"column":null}},"27":{"start":{"line":458,"column":86},"end":{"line":460,"column":null}},"28":{"start":{"line":463,"column":34},"end":{"line":468,"column":null}},"29":{"start":{"line":463,"column":87},"end":{"line":468,"column":null}},"30":{"start":{"line":471,"column":29},"end":{"line":496,"column":null}},"31":{"start":{"line":475,"column":17},"end":{"line":481,"column":null}},"32":{"start":{"line":483,"column":16},"end":{"line":486,"column":null}},"33":{"start":{"line":488,"column":2},"end":{"line":495,"column":null}},"34":{"start":{"line":499,"column":35},"end":{"line":513,"column":null}},"35":{"start":{"line":503,"column":27},"end":{"line":513,"column":null}},"36":{"start":{"line":516,"column":35},"end":{"line":539,"column":null}},"37":{"start":{"line":519,"column":23},"end":{"line":525,"column":null}},"38":{"start":{"line":527,"column":17},"end":{"line":527,"column":null}},"39":{"start":{"line":529,"column":2},"end":{"line":538,"column":null}},"40":{"start":{"line":542,"column":40},"end":{"line":590,"column":null}},"41":{"start":{"line":543,"column":58},"end":{"line":551,"column":null}},"42":{"start":{"line":553,"column":57},"end":{"line":558,"column":null}},"43":{"start":{"line":560,"column":60},"end":{"line":566,"column":null}},"44":{"start":{"line":568,"column":54},"end":{"line":574,"column":null}},"45":{"start":{"line":576,"column":62},"end":{"line":582,"column":null}},"46":{"start":{"line":584,"column":77},"end":{"line":589,"column":null}}},"fnMap":{"0":{"name":"(anonymous_0)","decl":{"start":{"line":283,"column":30},"end":{"line":283,"column":null}},"loc":{"start":{"line":287,"column":5},"end":{"line":364,"column":null}},"line":287},"1":{"name":"(anonymous_1)","decl":{"start":{"line":367,"column":28},"end":{"line":367,"column":29}},"loc":{"start":{"line":367,"column":81},"end":{"line":374,"column":null}},"line":367},"2":{"name":"(anonymous_2)","decl":{"start":{"line":377,"column":30},"end":{"line":377,"column":null}},"loc":{"start":{"line":380,"column":26},"end":{"line":407,"column":null}},"line":380},"3":{"name":"(anonymous_3)","decl":{"start":{"line":410,"column":29},"end":{"line":410,"column":null}},"loc":{"start":{"line":414,"column":26},"end":{"line":436,"column":null}},"line":414},"4":{"name":"(anonymous_4)","decl":{"start":{"line":439,"column":29},"end":{"line":439,"column":30}},"loc":{"start":{"line":439,"column":82},"end":{"line":445,"column":null}},"line":439},"5":{"name":"(anonymous_5)","decl":{"start":{"line":448,"column":28},"end":{"line":448,"column":null}},"loc":{"start":{"line":451,"column":27},"end":{"line":455,"column":null}},"line":451},"6":{"name":"(anonymous_6)","decl":{"start":{"line":458,"column":33},"end":{"line":458,"column":34}},"loc":{"start":{"line":458,"column":86},"end":{"line":460,"column":null}},"line":458},"7":{"name":"(anonymous_7)","decl":{"start":{"line":463,"column":34},"end":{"line":463,"column":35}},"loc":{"start":{"line":463,"column":87},"end":{"line":468,"column":null}},"line":463},"8":{"name":"(anonymous_8)","decl":{"start":{"line":471,"column":29},"end":{"line":471,"column":null}},"loc":{"start":{"line":474,"column":26},"end":{"line":496,"column":null}},"line":474},"9":{"name":"(anonymous_9)","decl":{"start":{"line":499,"column":35},"end":{"line":499,"column":null}},"loc":{"start":{"line":503,"column":27},"end":{"line":513,"column":null}},"line":503},"10":{"name":"(anonymous_10)","decl":{"start":{"line":516,"column":35},"end":{"line":516,"column":null}},"loc":{"start":{"line":518,"column":26},"end":{"line":539,"column":null}},"line":518},"11":{"name":"(anonymous_11)","decl":{"start":{"line":543,"column":13},"end":{"line":543,"column":14}},"loc":{"start":{"line":543,"column":58},"end":{"line":551,"column":null}},"line":543},"12":{"name":"(anonymous_12)","decl":{"start":{"line":553,"column":12},"end":{"line":553,"column":13}},"loc":{"start":{"line":553,"column":57},"end":{"line":558,"column":null}},"line":553},"13":{"name":"(anonymous_13)","decl":{"start":{"line":560,"column":15},"end":{"line":560,"column":16}},"loc":{"start":{"line":560,"column":60},"end":{"line":566,"column":null}},"line":560},"14":{"name":"(anonymous_14)","decl":{"start":{"line":568,"column":9},"end":{"line":568,"column":10}},"loc":{"start":{"line":568,"column":54},"end":{"line":574,"column":null}},"line":568},"15":{"name":"(anonymous_15)","decl":{"start":{"line":576,"column":17},"end":{"line":576,"column":18}},"loc":{"start":{"line":576,"column":62},"end":{"line":582,"column":null}},"line":576},"16":{"name":"(anonymous_16)","decl":{"start":{"line":584,"column":13},"end":{"line":584,"column":14}},"loc":{"start":{"line":584,"column":77},"end":{"line":589,"column":null}},"line":584}},"branchMap":{"0":{"loc":{"start":{"line":285,"column":2},"end":{"line":285,"column":null}},"type":"default-arg","locations":[{"start":{"line":285,"column":39},"end":{"line":285,"column":null}}],"line":285},"1":{"loc":{"start":{"line":286,"column":2},"end":{"line":286,"column":null}},"type":"default-arg","locations":[{"start":{"line":286,"column":22},"end":{"line":286,"column":null}}],"line":286},"2":{"loc":{"start":{"line":303,"column":15},"end":{"line":303,"column":null}},"type":"cond-expr","locations":[{"start":{"line":303,"column":26},"end":{"line":303,"column":39}},{"start":{"line":303,"column":39},"end":{"line":303,"column":null}}],"line":303},"3":{"loc":{"start":{"line":304,"column":48},"end":{"line":304,"column":79}},"type":"cond-expr","locations":[{"start":{"line":304,"column":59},"end":{"line":304,"column":70}},{"start":{"line":304,"column":70},"end":{"line":304,"column":79}}],"line":304},"4":{"loc":{"start":{"line":307,"column":15},"end":{"line":307,"column":null}},"type":"cond-expr","locations":[{"start":{"line":307,"column":26},"end":{"line":307,"column":39}},{"start":{"line":307,"column":39},"end":{"line":307,"column":null}}],"line":307},"5":{"loc":{"start":{"line":308,"column":45},"end":{"line":308,"column":76}},"type":"cond-expr","locations":[{"start":{"line":308,"column":56},"end":{"line":308,"column":67}},{"start":{"line":308,"column":67},"end":{"line":308,"column":76}}],"line":308},"6":{"loc":{"start":{"line":311,"column":15},"end":{"line":311,"column":null}},"type":"cond-expr","locations":[{"start":{"line":311,"column":26},"end":{"line":311,"column":40}},{"start":{"line":311,"column":40},"end":{"line":311,"column":null}}],"line":311},"7":{"loc":{"start":{"line":312,"column":43},"end":{"line":312,"column":74}},"type":"cond-expr","locations":[{"start":{"line":312,"column":54},"end":{"line":312,"column":65}},{"start":{"line":312,"column":65},"end":{"line":312,"column":74}}],"line":312},"8":{"loc":{"start":{"line":367,"column":29},"end":{"line":367,"column":81}},"type":"default-arg","locations":[{"start":{"line":367,"column":49},"end":{"line":367,"column":81}}],"line":367},"9":{"loc":{"start":{"line":370,"column":11},"end":{"line":370,"column":null}},"type":"cond-expr","locations":[{"start":{"line":370,"column":22},"end":{"line":370,"column":48}},{"start":{"line":370,"column":48},"end":{"line":370,"column":null}}],"line":370},"10":{"loc":{"start":{"line":372,"column":16},"end":{"line":372,"column":null}},"type":"cond-expr","locations":[{"start":{"line":372,"column":27},"end":{"line":372,"column":53}},{"start":{"line":372,"column":53},"end":{"line":372,"column":null}}],"line":372},"11":{"loc":{"start":{"line":379,"column":2},"end":{"line":379,"column":null}},"type":"default-arg","locations":[{"start":{"line":379,"column":22},"end":{"line":379,"column":null}}],"line":379},"12":{"loc":{"start":{"line":411,"column":2},"end":{"line":411,"column":null}},"type":"default-arg","locations":[{"start":{"line":411,"column":22},"end":{"line":411,"column":null}}],"line":411},"13":{"loc":{"start":{"line":412,"column":2},"end":{"line":412,"column":null}},"type":"default-arg","locations":[{"start":{"line":412,"column":22},"end":{"line":412,"column":null}}],"line":412},"14":{"loc":{"start":{"line":413,"column":2},"end":{"line":413,"column":null}},"type":"default-arg","locations":[{"start":{"line":413,"column":23},"end":{"line":413,"column":null}}],"line":413},"15":{"loc":{"start":{"line":418,"column":2},"end":{"line":424,"column":null}},"type":"if","locations":[{"start":{"line":418,"column":2},"end":{"line":424,"column":null}},{"start":{"line":421,"column":2},"end":{"line":424,"column":null}}],"line":418},"16":{"loc":{"start":{"line":421,"column":2},"end":{"line":424,"column":null}},"type":"if","locations":[{"start":{"line":421,"column":2},"end":{"line":424,"column":null}},{"start":{},"end":{}}],"line":421},"17":{"loc":{"start":{"line":428,"column":13},"end":{"line":428,"column":null}},"type":"cond-expr","locations":[{"start":{"line":428,"column":24},"end":{"line":428,"column":38}},{"start":{"line":428,"column":38},"end":{"line":428,"column":null}}],"line":428},"18":{"loc":{"start":{"line":429,"column":41},"end":{"line":429,"column":72}},"type":"cond-expr","locations":[{"start":{"line":429,"column":52},"end":{"line":429,"column":63}},{"start":{"line":429,"column":63},"end":{"line":429,"column":72}}],"line":429},"19":{"loc":{"start":{"line":439,"column":30},"end":{"line":439,"column":82}},"type":"default-arg","locations":[{"start":{"line":439,"column":50},"end":{"line":439,"column":82}}],"line":439},"20":{"loc":{"start":{"line":442,"column":44},"end":{"line":442,"column":75}},"type":"cond-expr","locations":[{"start":{"line":442,"column":55},"end":{"line":442,"column":66}},{"start":{"line":442,"column":66},"end":{"line":442,"column":75}}],"line":442},"21":{"loc":{"start":{"line":450,"column":2},"end":{"line":450,"column":null}},"type":"default-arg","locations":[{"start":{"line":450,"column":22},"end":{"line":450,"column":null}}],"line":450},"22":{"loc":{"start":{"line":452,"column":43},"end":{"line":452,"column":74}},"type":"cond-expr","locations":[{"start":{"line":452,"column":54},"end":{"line":452,"column":65}},{"start":{"line":452,"column":65},"end":{"line":452,"column":74}}],"line":452},"23":{"loc":{"start":{"line":458,"column":34},"end":{"line":458,"column":86}},"type":"default-arg","locations":[{"start":{"line":458,"column":54},"end":{"line":458,"column":86}}],"line":458},"24":{"loc":{"start":{"line":459,"column":16},"end":{"line":459,"column":null}},"type":"cond-expr","locations":[{"start":{"line":459,"column":27},"end":{"line":459,"column":53}},{"start":{"line":459,"column":53},"end":{"line":459,"column":null}}],"line":459},"25":{"loc":{"start":{"line":463,"column":35},"end":{"line":463,"column":87}},"type":"default-arg","locations":[{"start":{"line":463,"column":55},"end":{"line":463,"column":87}}],"line":463},"26":{"loc":{"start":{"line":465,"column":11},"end":{"line":465,"column":null}},"type":"cond-expr","locations":[{"start":{"line":465,"column":22},"end":{"line":465,"column":36}},{"start":{"line":465,"column":36},"end":{"line":465,"column":null}}],"line":465},"27":{"loc":{"start":{"line":467,"column":39},"end":{"line":467,"column":70}},"type":"cond-expr","locations":[{"start":{"line":467,"column":50},"end":{"line":467,"column":61}},{"start":{"line":467,"column":61},"end":{"line":467,"column":70}}],"line":467},"28":{"loc":{"start":{"line":473,"column":2},"end":{"line":473,"column":null}},"type":"default-arg","locations":[{"start":{"line":473,"column":29},"end":{"line":473,"column":null}}],"line":473},"29":{"loc":{"start":{"line":501,"column":2},"end":{"line":501,"column":null}},"type":"default-arg","locations":[{"start":{"line":501,"column":22},"end":{"line":501,"column":null}}],"line":501},"30":{"loc":{"start":{"line":502,"column":2},"end":{"line":502,"column":null}},"type":"default-arg","locations":[{"start":{"line":502,"column":25},"end":{"line":502,"column":null}}],"line":502},"31":{"loc":{"start":{"line":504,"column":11},"end":{"line":504,"column":null}},"type":"cond-expr","locations":[{"start":{"line":504,"column":22},"end":{"line":504,"column":35}},{"start":{"line":504,"column":35},"end":{"line":504,"column":null}}],"line":504},"32":{"loc":{"start":{"line":509,"column":16},"end":{"line":509,"column":null}},"type":"cond-expr","locations":[{"start":{"line":509,"column":27},"end":{"line":509,"column":35}},{"start":{"line":509,"column":35},"end":{"line":509,"column":null}}],"line":509},"33":{"loc":{"start":{"line":511,"column":10},"end":{"line":511,"column":null}},"type":"cond-expr","locations":[{"start":{"line":511,"column":24},"end":{"line":511,"column":36}},{"start":{"line":511,"column":36},"end":{"line":511,"column":null}}],"line":511},"34":{"loc":{"start":{"line":512,"column":14},"end":{"line":512,"column":null}},"type":"cond-expr","locations":[{"start":{"line":512,"column":28},"end":{"line":512,"column":62}},{"start":{"line":512,"column":62},"end":{"line":512,"column":null}}],"line":512},"35":{"loc":{"start":{"line":544,"column":14},"end":{"line":544,"column":null}},"type":"cond-expr","locations":[{"start":{"line":544,"column":25},"end":{"line":544,"column":34}},{"start":{"line":544,"column":34},"end":{"line":544,"column":null}}],"line":544},"36":{"loc":{"start":{"line":554,"column":14},"end":{"line":554,"column":null}},"type":"cond-expr","locations":[{"start":{"line":554,"column":25},"end":{"line":554,"column":34}},{"start":{"line":554,"column":34},"end":{"line":554,"column":null}}],"line":554},"37":{"loc":{"start":{"line":561,"column":14},"end":{"line":561,"column":null}},"type":"cond-expr","locations":[{"start":{"line":561,"column":25},"end":{"line":561,"column":34}},{"start":{"line":561,"column":34},"end":{"line":561,"column":null}}],"line":561},"38":{"loc":{"start":{"line":569,"column":14},"end":{"line":569,"column":null}},"type":"cond-expr","locations":[{"start":{"line":569,"column":25},"end":{"line":569,"column":34}},{"start":{"line":569,"column":34},"end":{"line":569,"column":null}}],"line":569},"39":{"loc":{"start":{"line":577,"column":14},"end":{"line":577,"column":null}},"type":"cond-expr","locations":[{"start":{"line":577,"column":25},"end":{"line":577,"column":34}},{"start":{"line":577,"column":34},"end":{"line":577,"column":null}}],"line":577},"40":{"loc":{"start":{"line":585,"column":14},"end":{"line":585,"column":null}},"type":"cond-expr","locations":[{"start":{"line":585,"column":25},"end":{"line":585,"column":34}},{"start":{"line":585,"column":34},"end":{"line":585,"column":null}}],"line":585}},"s":{"0":3,"1":3,"2":26,"3":26,"4":26,"5":26,"6":3,"7":26,"8":3,"9":26,"10":26,"11":26,"12":3,"13":30,"14":30,"15":30,"16":3,"17":3,"18":27,"19":3,"20":3,"21":30,"22":3,"23":0,"24":3,"25":0,"26":3,"27":0,"28":3,"29":0,"30":3,"31":0,"32":0,"33":0,"34":3,"35":0,"36":3,"37":0,"38":0,"39":0,"40":3,"41":0,"42":0,"43":0,"44":0,"45":0,"46":0},"f":{"0":26,"1":26,"2":26,"3":30,"4":0,"5":0,"6":0,"7":0,"8":0,"9":0,"10":0,"11":0,"12":0,"13":0,"14":0,"15":0,"16":0},"b":{"0":[26],"1":[26],"2":[0,26],"3":[0,26],"4":[0,26],"5":[0,26],"6":[0,26],"7":[0,26],"8":[26],"9":[0,26],"10":[0,26],"11":[26],"12":[30],"13":[30],"14":[30],"15":[3,27],"16":[3,24],"17":[0,30],"18":[0,30],"19":[0],"20":[0,0],"21":[0],"22":[0,0],"23":[0],"24":[0,0],"25":[0],"26":[0,0],"27":[0,0],"28":[0],"29":[0],"30":[0],"31":[0,0],"32":[0,0],"33":[0,0],"34":[0,0],"35":[0,0],"36":[0,0],"37":[0,0],"38":[0,0],"39":[0,0],"40":[0,0]},"meta":{"lastBranch":41,"lastFunction":17,"lastStatement":47,"seen":{"s:143:42:280:Infinity":0,"s:283:30:364:Infinity":1,"f:283:30:283:Infinity":0,"b:285:39:285:Infinity":0,"b:286:22:286:Infinity":1,"s:288:41:299:Infinity":2,"s:301:21:314:Infinity":3,"b:303:26:303:39:303:39:303:Infinity":2,"b:304:59:304:70:304:70:304:79":3,"b:307:26:307:39:307:39:307:Infinity":4,"b:308:56:308:67:308:67:308:76":5,"b:311:26:311:40:311:40:311:Infinity":6,"b:312:54:312:65:312:65:312:74":7,"s:316:61:357:Infinity":4,"s:359:2:363:Infinity":5,"s:367:28:374:Infinity":6,"f:367:28:367:29":1,"s:367:81:374:Infinity":7,"b:367:49:367:81":8,"b:370:22:370:48:370:48:370:Infinity":9,"b:372:27:372:53:372:53:372:Infinity":10,"s:377:30:407:Infinity":8,"f:377:30:377:Infinity":2,"b:379:22:379:Infinity":11,"s:381:15:381:Infinity":9,"s:383:19:404:Infinity":10,"s:406:2:406:Infinity":11,"s:410:29:436:Infinity":12,"f:410:29:410:Infinity":3,"b:411:22:411:Infinity":12,"b:412:22:412:Infinity":13,"b:413:23:413:Infinity":14,"s:415:20:415:Infinity":13,"s:416:18:416:Infinity":14,"b:418:2:424:Infinity:421:2:424:Infinity":15,"s:418:2:424:Infinity":15,"s:419:4:419:Infinity":16,"s:420:4:420:Infinity":17,"b:421:2:424:Infinity:undefined:undefined:undefined:undefined":16,"s:421:2:424:Infinity":18,"s:422:4:422:Infinity":19,"s:423:4:423:Infinity":20,"s:426:2:435:Infinity":21,"b:428:24:428:38:428:38:428:Infinity":17,"b:429:52:429:63:429:63:429:72":18,"s:439:29:445:Infinity":22,"f:439:29:439:30":4,"s:439:82:445:Infinity":23,"b:439:50:439:82":19,"b:442:55:442:66:442:66:442:75":20,"s:448:28:455:Infinity":24,"f:448:28:448:Infinity":5,"s:451:27:455:Infinity":25,"b:450:22:450:Infinity":21,"b:452:54:452:65:452:65:452:74":22,"s:458:33:460:Infinity":26,"f:458:33:458:34":6,"s:458:86:460:Infinity":27,"b:458:54:458:86":23,"b:459:27:459:53:459:53:459:Infinity":24,"s:463:34:468:Infinity":28,"f:463:34:463:35":7,"s:463:87:468:Infinity":29,"b:463:55:463:87":25,"b:465:22:465:36:465:36:465:Infinity":26,"b:467:50:467:61:467:61:467:70":27,"s:471:29:496:Infinity":30,"f:471:29:471:Infinity":8,"b:473:29:473:Infinity":28,"s:475:17:481:Infinity":31,"s:483:16:486:Infinity":32,"s:488:2:495:Infinity":33,"s:499:35:513:Infinity":34,"f:499:35:499:Infinity":9,"s:503:27:513:Infinity":35,"b:501:22:501:Infinity":29,"b:502:25:502:Infinity":30,"b:504:22:504:35:504:35:504:Infinity":31,"b:509:27:509:35:509:35:509:Infinity":32,"b:511:24:511:36:511:36:511:Infinity":33,"b:512:28:512:62:512:62:512:Infinity":34,"s:516:35:539:Infinity":36,"f:516:35:516:Infinity":10,"s:519:23:525:Infinity":37,"s:527:17:527:Infinity":38,"s:529:2:538:Infinity":39,"s:542:40:590:Infinity":40,"f:543:13:543:14":11,"s:543:58:551:Infinity":41,"b:544:25:544:34:544:34:544:Infinity":35,"f:553:12:553:13":12,"s:553:57:558:Infinity":42,"b:554:25:554:34:554:34:554:Infinity":36,"f:560:15:560:16":13,"s:560:60:566:Infinity":43,"b:561:25:561:34:561:34:561:Infinity":37,"f:568:9:568:10":14,"s:568:54:574:Infinity":44,"b:569:25:569:34:569:34:569:Infinity":38,"f:576:17:576:18":15,"s:576:62:582:Infinity":45,"b:577:25:577:34:577:34:577:Infinity":39,"f:584:13:584:14":16,"s:584:77:589:Infinity":46,"b:585:25:585:34:585:34:585:Infinity":40}}}
,"C:\\Users\\limin\\Documents\\eswake-booking\\src\\utils\\auth.ts": {"path":"C:\\Users\\limin\\Documents\\eswake-booking\\src\\utils\\auth.ts","statementMap":{"0":{"start":{"line":11,"column":28},"end":{"line":15,"column":null}},"1":{"start":{"line":18,"column":40},"end":{"line":18,"column":null}},"2":{"start":{"line":19,"column":42},"end":{"line":19,"column":null}},"3":{"start":{"line":20,"column":29},"end":{"line":20,"column":null}},"4":{"start":{"line":21,"column":23},"end":{"line":21,"column":null}},"5":{"start":{"line":27,"column":14},"end":{"line":27,"column":null}},"6":{"start":{"line":30,"column":2},"end":{"line":32,"column":null}},"7":{"start":{"line":31,"column":4},"end":{"line":31,"column":null}},"8":{"start":{"line":34,"column":2},"end":{"line":51,"column":null}},"9":{"start":{"line":35,"column":28},"end":{"line":37,"column":null}},"10":{"start":{"line":39,"column":4},"end":{"line":42,"column":null}},"11":{"start":{"line":40,"column":6},"end":{"line":40,"column":null}},"12":{"start":{"line":41,"column":6},"end":{"line":41,"column":null}},"13":{"start":{"line":44,"column":19},"end":{"line":44,"column":null}},"14":{"start":{"line":44,"column":36},"end":{"line":44,"column":45}},"15":{"start":{"line":45,"column":4},"end":{"line":45,"column":null}},"16":{"start":{"line":46,"column":4},"end":{"line":46,"column":null}},"17":{"start":{"line":47,"column":4},"end":{"line":47,"column":null}},"18":{"start":{"line":49,"column":4},"end":{"line":49,"column":null}},"19":{"start":{"line":50,"column":4},"end":{"line":50,"column":null}},"20":{"start":{"line":58,"column":14},"end":{"line":58,"column":null}},"21":{"start":{"line":61,"column":2},"end":{"line":63,"column":null}},"22":{"start":{"line":62,"column":4},"end":{"line":62,"column":null}},"23":{"start":{"line":65,"column":2},"end":{"line":81,"column":null}},"24":{"start":{"line":66,"column":28},"end":{"line":68,"column":null}},"25":{"start":{"line":70,"column":4},"end":{"line":73,"column":null}},"26":{"start":{"line":71,"column":6},"end":{"line":71,"column":null}},"27":{"start":{"line":72,"column":6},"end":{"line":72,"column":null}},"28":{"start":{"line":75,"column":19},"end":{"line":75,"column":null}},"29":{"start":{"line":75,"column":36},"end":{"line":75,"column":45}},"30":{"start":{"line":76,"column":4},"end":{"line":76,"column":null}},"31":{"start":{"line":77,"column":4},"end":{"line":77,"column":null}},"32":{"start":{"line":79,"column":4},"end":{"line":79,"column":null}},"33":{"start":{"line":80,"column":4},"end":{"line":80,"column":null}},"34":{"start":{"line":88,"column":2},"end":{"line":88,"column":null}},"35":{"start":{"line":89,"column":2},"end":{"line":89,"column":null}},"36":{"start":{"line":90,"column":2},"end":{"line":90,"column":null}},"37":{"start":{"line":97,"column":2},"end":{"line":97,"column":null}},"38":{"start":{"line":97,"column":28},"end":{"line":97,"column":null}},"39":{"start":{"line":100,"column":2},"end":{"line":100,"column":null}},"40":{"start":{"line":107,"column":2},"end":{"line":107,"column":null}},"41":{"start":{"line":107,"column":28},"end":{"line":107,"column":null}},"42":{"start":{"line":110,"column":2},"end":{"line":110,"column":null}},"43":{"start":{"line":110,"column":41},"end":{"line":110,"column":null}},"44":{"start":{"line":112,"column":24},"end":{"line":112,"column":null}},"45":{"start":{"line":113,"column":2},"end":{"line":113,"column":null}},"46":{"start":{"line":120,"column":2},"end":{"line":120,"column":null}},"47":{"start":{"line":120,"column":28},"end":{"line":120,"column":null}},"48":{"start":{"line":123,"column":2},"end":{"line":123,"column":null}},"49":{"start":{"line":123,"column":41},"end":{"line":123,"column":null}},"50":{"start":{"line":125,"column":22},"end":{"line":125,"column":null}},"51":{"start":{"line":126,"column":2},"end":{"line":126,"column":null}},"52":{"start":{"line":134,"column":2},"end":{"line":134,"column":null}},"53":{"start":{"line":141,"column":8},"end":{"line":141,"column":null}},"54":{"start":{"line":142,"column":22},"end":{"line":142,"column":null}},"55":{"start":{"line":144,"column":2},"end":{"line":149,"column":null}},"56":{"start":{"line":145,"column":4},"end":{"line":148,"column":null}},"57":{"start":{"line":146,"column":6},"end":{"line":146,"column":null}},"58":{"start":{"line":147,"column":6},"end":{"line":147,"column":null}},"59":{"start":{"line":151,"column":2},"end":{"line":151,"column":null}},"60":{"start":{"line":158,"column":2},"end":{"line":158,"column":null}},"61":{"start":{"line":158,"column":13},"end":{"line":158,"column":null}},"62":{"start":{"line":160,"column":2},"end":{"line":171,"column":null}},"63":{"start":{"line":162,"column":6},"end":{"line":162,"column":null}},"64":{"start":{"line":165,"column":6},"end":{"line":165,"column":null}},"65":{"start":{"line":168,"column":6},"end":{"line":168,"column":null}},"66":{"start":{"line":170,"column":6},"end":{"line":170,"column":null}}},"fnMap":{"0":{"name":"loadAdminEmails","decl":{"start":{"line":26,"column":15},"end":{"line":26,"column":52}},"loc":{"start":{"line":26,"column":52},"end":{"line":52,"column":null}},"line":26},"1":{"name":"(anonymous_1)","decl":{"start":{"line":44,"column":29},"end":{"line":44,"column":36}},"loc":{"start":{"line":44,"column":36},"end":{"line":44,"column":45}},"line":44},"2":{"name":"loadAllowedEmails","decl":{"start":{"line":57,"column":15},"end":{"line":57,"column":54}},"loc":{"start":{"line":57,"column":54},"end":{"line":82,"column":null}},"line":57},"3":{"name":"(anonymous_3)","decl":{"start":{"line":75,"column":29},"end":{"line":75,"column":36}},"loc":{"start":{"line":75,"column":36},"end":{"line":75,"column":45}},"line":75},"4":{"name":"clearPermissionCache","decl":{"start":{"line":87,"column":16},"end":{"line":87,"column":39}},"loc":{"start":{"line":87,"column":39},"end":{"line":91,"column":null}},"line":87},"5":{"name":"isAdmin","decl":{"start":{"line":96,"column":16},"end":{"line":96,"column":24}},"loc":{"start":{"line":96,"column":52},"end":{"line":101,"column":null}},"line":96},"6":{"name":"isAllowedUser","decl":{"start":{"line":106,"column":22},"end":{"line":106,"column":36}},"loc":{"start":{"line":106,"column":73},"end":{"line":114,"column":null}},"line":106},"7":{"name":"isAdminAsync","decl":{"start":{"line":119,"column":22},"end":{"line":119,"column":35}},"loc":{"start":{"line":119,"column":72},"end":{"line":127,"column":null}},"line":119},"8":{"name":"useCheckAllowedUser","decl":{"start":{"line":132,"column":16},"end":{"line":132,"column":36}},"loc":{"start":{"line":132,"column":56},"end":{"line":135,"column":null}},"line":132},"9":{"name":"useRequireAdmin","decl":{"start":{"line":140,"column":16},"end":{"line":140,"column":32}},"loc":{"start":{"line":140,"column":51},"end":{"line":152,"column":null}},"line":140},"10":{"name":"(anonymous_10)","decl":{"start":{"line":144,"column":12},"end":{"line":144,"column":18}},"loc":{"start":{"line":144,"column":18},"end":{"line":149,"column":5}},"line":144},"11":{"name":"hasPermission","decl":{"start":{"line":157,"column":16},"end":{"line":157,"column":30}},"loc":{"start":{"line":157,"column":99},"end":{"line":172,"column":null}},"line":157}},"branchMap":{"0":{"loc":{"start":{"line":30,"column":2},"end":{"line":32,"column":null}},"type":"if","locations":[{"start":{"line":30,"column":2},"end":{"line":32,"column":null}},{"start":{},"end":{}}],"line":30},"1":{"loc":{"start":{"line":30,"column":6},"end":{"line":30,"column":67}},"type":"binary-expr","locations":[{"start":{"line":30,"column":6},"end":{"line":30,"column":27}},{"start":{"line":30,"column":27},"end":{"line":30,"column":67}}],"line":30},"2":{"loc":{"start":{"line":39,"column":4},"end":{"line":42,"column":null}},"type":"if","locations":[{"start":{"line":39,"column":4},"end":{"line":42,"column":null}},{"start":{},"end":{}}],"line":39},"3":{"loc":{"start":{"line":44,"column":19},"end":{"line":44,"column":null}},"type":"binary-expr","locations":[{"start":{"line":44,"column":19},"end":{"line":44,"column":50}},{"start":{"line":44,"column":50},"end":{"line":44,"column":null}}],"line":44},"4":{"loc":{"start":{"line":61,"column":2},"end":{"line":63,"column":null}},"type":"if","locations":[{"start":{"line":61,"column":2},"end":{"line":63,"column":null}},{"start":{},"end":{}}],"line":61},"5":{"loc":{"start":{"line":61,"column":6},"end":{"line":61,"column":69}},"type":"binary-expr","locations":[{"start":{"line":61,"column":6},"end":{"line":61,"column":29}},{"start":{"line":61,"column":29},"end":{"line":61,"column":69}}],"line":61},"6":{"loc":{"start":{"line":70,"column":4},"end":{"line":73,"column":null}},"type":"if","locations":[{"start":{"line":70,"column":4},"end":{"line":73,"column":null}},{"start":{},"end":{}}],"line":70},"7":{"loc":{"start":{"line":75,"column":19},"end":{"line":75,"column":null}},"type":"binary-expr","locations":[{"start":{"line":75,"column":19},"end":{"line":75,"column":50}},{"start":{"line":75,"column":50},"end":{"line":75,"column":null}}],"line":75},"8":{"loc":{"start":{"line":97,"column":2},"end":{"line":97,"column":null}},"type":"if","locations":[{"start":{"line":97,"column":2},"end":{"line":97,"column":null}},{"start":{},"end":{}}],"line":97},"9":{"loc":{"start":{"line":97,"column":6},"end":{"line":97,"column":28}},"type":"binary-expr","locations":[{"start":{"line":97,"column":6},"end":{"line":97,"column":15}},{"start":{"line":97,"column":15},"end":{"line":97,"column":28}}],"line":97},"10":{"loc":{"start":{"line":107,"column":2},"end":{"line":107,"column":null}},"type":"if","locations":[{"start":{"line":107,"column":2},"end":{"line":107,"column":null}},{"start":{},"end":{}}],"line":107},"11":{"loc":{"start":{"line":107,"column":6},"end":{"line":107,"column":28}},"type":"binary-expr","locations":[{"start":{"line":107,"column":6},"end":{"line":107,"column":15}},{"start":{"line":107,"column":15},"end":{"line":107,"column":28}}],"line":107},"12":{"loc":{"start":{"line":110,"column":2},"end":{"line":110,"column":null}},"type":"if","locations":[{"start":{"line":110,"column":2},"end":{"line":110,"column":null}},{"start":{},"end":{}}],"line":110},"13":{"loc":{"start":{"line":120,"column":2},"end":{"line":120,"column":null}},"type":"if","locations":[{"start":{"line":120,"column":2},"end":{"line":120,"column":null}},{"start":{},"end":{}}],"line":120},"14":{"loc":{"start":{"line":120,"column":6},"end":{"line":120,"column":28}},"type":"binary-expr","locations":[{"start":{"line":120,"column":6},"end":{"line":120,"column":15}},{"start":{"line":120,"column":15},"end":{"line":120,"column":28}}],"line":120},"15":{"loc":{"start":{"line":123,"column":2},"end":{"line":123,"column":null}},"type":"if","locations":[{"start":{"line":123,"column":2},"end":{"line":123,"column":null}},{"start":{},"end":{}}],"line":123},"16":{"loc":{"start":{"line":145,"column":4},"end":{"line":148,"column":null}},"type":"if","locations":[{"start":{"line":145,"column":4},"end":{"line":148,"column":null}},{"start":{},"end":{}}],"line":145},"17":{"loc":{"start":{"line":158,"column":2},"end":{"line":158,"column":null}},"type":"if","locations":[{"start":{"line":158,"column":2},"end":{"line":158,"column":null}},{"start":{},"end":{}}],"line":158},"18":{"loc":{"start":{"line":160,"column":2},"end":{"line":171,"column":null}},"type":"switch","locations":[{"start":{"line":161,"column":4},"end":{"line":162,"column":null}},{"start":{"line":163,"column":4},"end":{"line":165,"column":null}},{"start":{"line":166,"column":4},"end":{"line":168,"column":null}},{"start":{"line":169,"column":4},"end":{"line":170,"column":null}}],"line":160}},"s":{"0":1,"1":1,"2":1,"3":1,"4":1,"5":2,"6":2,"7":0,"8":2,"9":2,"10":2,"11":0,"12":0,"13":2,"14":2,"15":2,"16":2,"17":2,"18":0,"19":0,"20":5,"21":5,"22":0,"23":5,"24":5,"25":5,"26":1,"27":1,"28":4,"29":4,"30":5,"31":5,"32":0,"33":0,"34":26,"35":26,"36":26,"37":9,"38":3,"39":6,"40":8,"41":1,"42":7,"43":2,"44":5,"45":5,"46":4,"47":1,"48":3,"49":1,"50":2,"51":2,"52":2,"53":3,"54":3,"55":3,"56":3,"57":2,"58":2,"59":3,"60":7,"61":3,"62":4,"63":2,"64":1,"65":1,"66":0},"f":{"0":2,"1":2,"2":5,"3":4,"4":26,"5":9,"6":8,"7":4,"8":2,"9":3,"10":3,"11":7},"b":{"0":[0,2],"1":[2,0],"2":[0,2],"3":[2,0],"4":[0,5],"5":[5,0],"6":[1,4],"7":[4,0],"8":[3,6],"9":[9,7],"10":[1,7],"11":[8,7],"12":[2,5],"13":[1,3],"14":[4,3],"15":[1,2],"16":[2,1],"17":[3,4],"18":[4,1,1,0]},"meta":{"lastBranch":19,"lastFunction":12,"lastStatement":67,"seen":{"s:11:28:15:Infinity":0,"s:18:40:18:Infinity":1,"s:19:42:19:Infinity":2,"s:20:29:20:Infinity":3,"s:21:23:21:Infinity":4,"f:26:15:26:52":0,"s:27:14:27:Infinity":5,"b:30:2:32:Infinity:undefined:undefined:undefined:undefined":0,"s:30:2:32:Infinity":6,"b:30:6:30:27:30:27:30:67":1,"s:31:4:31:Infinity":7,"s:34:2:51:Infinity":8,"s:35:28:37:Infinity":9,"b:39:4:42:Infinity:undefined:undefined:undefined:undefined":2,"s:39:4:42:Infinity":10,"s:40:6:40:Infinity":11,"s:41:6:41:Infinity":12,"s:44:19:44:Infinity":13,"b:44:19:44:50:44:50:44:Infinity":3,"f:44:29:44:36":1,"s:44:36:44:45":14,"s:45:4:45:Infinity":15,"s:46:4:46:Infinity":16,"s:47:4:47:Infinity":17,"s:49:4:49:Infinity":18,"s:50:4:50:Infinity":19,"f:57:15:57:54":2,"s:58:14:58:Infinity":20,"b:61:2:63:Infinity:undefined:undefined:undefined:undefined":4,"s:61:2:63:Infinity":21,"b:61:6:61:29:61:29:61:69":5,"s:62:4:62:Infinity":22,"s:65:2:81:Infinity":23,"s:66:28:68:Infinity":24,"b:70:4:73:Infinity:undefined:undefined:undefined:undefined":6,"s:70:4:73:Infinity":25,"s:71:6:71:Infinity":26,"s:72:6:72:Infinity":27,"s:75:19:75:Infinity":28,"b:75:19:75:50:75:50:75:Infinity":7,"f:75:29:75:36":3,"s:75:36:75:45":29,"s:76:4:76:Infinity":30,"s:77:4:77:Infinity":31,"s:79:4:79:Infinity":32,"s:80:4:80:Infinity":33,"f:87:16:87:39":4,"s:88:2:88:Infinity":34,"s:89:2:89:Infinity":35,"s:90:2:90:Infinity":36,"f:96:16:96:24":5,"b:97:2:97:Infinity:undefined:undefined:undefined:undefined":8,"s:97:2:97:Infinity":37,"b:97:6:97:15:97:15:97:28":9,"s:97:28:97:Infinity":38,"s:100:2:100:Infinity":39,"f:106:22:106:36":6,"b:107:2:107:Infinity:undefined:undefined:undefined:undefined":10,"s:107:2:107:Infinity":40,"b:107:6:107:15:107:15:107:28":11,"s:107:28:107:Infinity":41,"b:110:2:110:Infinity:undefined:undefined:undefined:undefined":12,"s:110:2:110:Infinity":42,"s:110:41:110:Infinity":43,"s:112:24:112:Infinity":44,"s:113:2:113:Infinity":45,"f:119:22:119:35":7,"b:120:2:120:Infinity:undefined:undefined:undefined:undefined":13,"s:120:2:120:Infinity":46,"b:120:6:120:15:120:15:120:28":14,"s:120:28:120:Infinity":47,"b:123:2:123:Infinity:undefined:undefined:undefined:undefined":15,"s:123:2:123:Infinity":48,"s:123:41:123:Infinity":49,"s:125:22:125:Infinity":50,"s:126:2:126:Infinity":51,"f:132:16:132:36":8,"s:134:2:134:Infinity":52,"f:140:16:140:32":9,"s:141:8:141:Infinity":53,"s:142:22:142:Infinity":54,"s:144:2:149:Infinity":55,"f:144:12:144:18":10,"b:145:4:148:Infinity:undefined:undefined:undefined:undefined":16,"s:145:4:148:Infinity":56,"s:146:6:146:Infinity":57,"s:147:6:147:Infinity":58,"s:151:2:151:Infinity":59,"f:157:16:157:30":11,"b:158:2:158:Infinity:undefined:undefined:undefined:undefined":17,"s:158:2:158:Infinity":60,"s:158:13:158:Infinity":61,"b:161:4:162:Infinity:163:4:165:Infinity:166:4:168:Infinity:169:4:170:Infinity":18,"s:160:2:171:Infinity":62,"s:162:6:162:Infinity":63,"s:165:6:165:Infinity":64,"s:168:6:168:Infinity":65,"s:170:6:170:Infinity":66}}}
,"C:\\Users\\limin\\Documents\\eswake-booking\\src\\utils\\bookingConflict.ts": {"path":"C:\\Users\\limin\\Documents\\eswake-booking\\src\\utils\\bookingConflict.ts","statementMap":{"0":{"start":{"line":21,"column":25},"end":{"line":21,"column":null}},"1":{"start":{"line":22,"column":2},"end":{"line":22,"column":null}},"2":{"start":{"line":31,"column":15},"end":{"line":31,"column":null}},"3":{"start":{"line":32,"column":14},"end":{"line":32,"column":null}},"4":{"start":{"line":33,"column":2},"end":{"line":33,"column":null}},"5":{"start":{"line":43,"column":23},"end":{"line":43,"column":null}},"6":{"start":{"line":44,"column":21},"end":{"line":44,"column":null}},"7":{"start":{"line":45,"column":28},"end":{"line":45,"column":null}},"8":{"start":{"line":47,"column":2},"end":{"line":51,"column":null}},"9":{"start":{"line":62,"column":2},"end":{"line":64,"column":null}},"10":{"start":{"line":63,"column":4},"end":{"line":63,"column":null}},"11":{"start":{"line":67,"column":2},"end":{"line":69,"column":null}},"12":{"start":{"line":68,"column":4},"end":{"line":68,"column":null}},"13":{"start":{"line":72,"column":2},"end":{"line":74,"column":null}},"14":{"start":{"line":73,"column":4},"end":{"line":73,"column":null}},"15":{"start":{"line":76,"column":2},"end":{"line":76,"column":null}},"16":{"start":{"line":93,"column":18},"end":{"line":93,"column":null}},"17":{"start":{"line":96,"column":44},"end":{"line":101,"column":null}},"18":{"start":{"line":103,"column":2},"end":{"line":108,"column":null}},"19":{"start":{"line":104,"column":4},"end":{"line":107,"column":null}},"20":{"start":{"line":111,"column":2},"end":{"line":136,"column":null}},"21":{"start":{"line":112,"column":25},"end":{"line":112,"column":null}},"22":{"start":{"line":113,"column":25},"end":{"line":113,"column":null}},"23":{"start":{"line":115,"column":4},"end":{"line":135,"column":null}},"24":{"start":{"line":117,"column":6},"end":{"line":122,"column":null}},"25":{"start":{"line":118,"column":8},"end":{"line":121,"column":null}},"26":{"start":{"line":124,"column":6},"end":{"line":129,"column":null}},"27":{"start":{"line":125,"column":8},"end":{"line":128,"column":null}},"28":{"start":{"line":131,"column":6},"end":{"line":134,"column":null}},"29":{"start":{"line":138,"column":2},"end":{"line":141,"column":null}},"30":{"start":{"line":158,"column":18},"end":{"line":158,"column":null}},"31":{"start":{"line":161,"column":34},"end":{"line":164,"column":null}},"32":{"start":{"line":166,"column":2},"end":{"line":168,"column":null}},"33":{"start":{"line":167,"column":4},"end":{"line":167,"column":null}},"34":{"start":{"line":170,"column":21},"end":{"line":170,"column":null}},"35":{"start":{"line":170,"column":44},"end":{"line":170,"column":56}},"36":{"start":{"line":173,"column":36},"end":{"line":178,"column":null}},"37":{"start":{"line":180,"column":2},"end":{"line":182,"column":null}},"38":{"start":{"line":181,"column":4},"end":{"line":181,"column":null}},"39":{"start":{"line":185,"column":2},"end":{"line":195,"column":null}},"40":{"start":{"line":186,"column":25},"end":{"line":186,"column":null}},"41":{"start":{"line":187,"column":25},"end":{"line":187,"column":null}},"42":{"start":{"line":189,"column":4},"end":{"line":194,"column":null}},"43":{"start":{"line":190,"column":6},"end":{"line":193,"column":null}},"44":{"start":{"line":197,"column":2},"end":{"line":197,"column":null}},"45":{"start":{"line":214,"column":18},"end":{"line":214,"column":null}},"46":{"start":{"line":217,"column":36},"end":{"line":222,"column":null}},"47":{"start":{"line":224,"column":2},"end":{"line":226,"column":null}},"48":{"start":{"line":225,"column":4},"end":{"line":225,"column":null}},"49":{"start":{"line":229,"column":2},"end":{"line":239,"column":null}},"50":{"start":{"line":230,"column":25},"end":{"line":230,"column":null}},"51":{"start":{"line":231,"column":25},"end":{"line":231,"column":null}},"52":{"start":{"line":233,"column":4},"end":{"line":238,"column":null}},"53":{"start":{"line":234,"column":6},"end":{"line":237,"column":null}},"54":{"start":{"line":241,"column":2},"end":{"line":241,"column":null}},"55":{"start":{"line":284,"column":2},"end":{"line":286,"column":null}},"56":{"start":{"line":285,"column":4},"end":{"line":285,"column":null}},"57":{"start":{"line":288,"column":18},"end":{"line":288,"column":null}},"58":{"start":{"line":292,"column":57},"end":{"line":305,"column":null}},"59":{"start":{"line":308,"column":59},"end":{"line":321,"column":null}},"60":{"start":{"line":323,"column":2},"end":{"line":326,"column":null}},"61":{"start":{"line":324,"column":4},"end":{"line":324,"column":null}},"62":{"start":{"line":325,"column":4},"end":{"line":325,"column":null}},"63":{"start":{"line":329,"column":27},"end":{"line":334,"column":null}},"64":{"start":{"line":337,"column":2},"end":{"line":342,"column":null}},"65":{"start":{"line":338,"column":20},"end":{"line":338,"column":null}},"66":{"start":{"line":339,"column":21},"end":{"line":339,"column":null}},"67":{"start":{"line":340,"column":4},"end":{"line":340,"column":null}},"68":{"start":{"line":341,"column":4},"end":{"line":341,"column":null}},"69":{"start":{"line":345,"column":2},"end":{"line":350,"column":null}},"70":{"start":{"line":346,"column":21},"end":{"line":346,"column":null}},"71":{"start":{"line":347,"column":21},"end":{"line":347,"column":null}},"72":{"start":{"line":348,"column":4},"end":{"line":348,"column":null}},"73":{"start":{"line":349,"column":4},"end":{"line":349,"column":null}},"74":{"start":{"line":353,"column":89},"end":{"line":353,"column":null}},"75":{"start":{"line":355,"column":2},"end":{"line":380,"column":null}},"76":{"start":{"line":356,"column":21},"end":{"line":356,"column":null}},"77":{"start":{"line":359,"column":4},"end":{"line":379,"column":null}},"78":{"start":{"line":361,"column":6},"end":{"line":363,"column":null}},"79":{"start":{"line":362,"column":8},"end":{"line":362,"column":null}},"80":{"start":{"line":365,"column":27},"end":{"line":365,"column":null}},"81":{"start":{"line":366,"column":27},"end":{"line":366,"column":null}},"82":{"start":{"line":368,"column":6},"end":{"line":378,"column":null}},"83":{"start":{"line":369,"column":26},"end":{"line":369,"column":null}},"84":{"start":{"line":370,"column":26},"end":{"line":370,"column":null}},"85":{"start":{"line":372,"column":8},"end":{"line":376,"column":null}},"86":{"start":{"line":377,"column":8},"end":{"line":377,"column":null}},"87":{"start":{"line":382,"column":2},"end":{"line":385,"column":null}}},"fnMap":{"0":{"name":"timeToMinutes","decl":{"start":{"line":20,"column":16},"end":{"line":20,"column":30}},"loc":{"start":{"line":20,"column":55},"end":{"line":23,"column":null}},"line":20},"1":{"name":"minutesToTime","decl":{"start":{"line":30,"column":16},"end":{"line":30,"column":30}},"loc":{"start":{"line":30,"column":55},"end":{"line":34,"column":null}},"line":30},"2":{"name":"calculateTimeSlot","decl":{"start":{"line":42,"column":16},"end":{"line":42,"column":34}},"loc":{"start":{"line":42,"column":84},"end":{"line":52,"column":null}},"line":42},"3":{"name":"checkTimeSlotConflict","decl":{"start":{"line":60,"column":16},"end":{"line":60,"column":38}},"loc":{"start":{"line":60,"column":81},"end":{"line":77,"column":null}},"line":60},"4":{"name":"checkBoatConflict","decl":{"start":{"line":87,"column":22},"end":{"line":87,"column":null}},"loc":{"start":{"line":92,"column":27},"end":{"line":142,"column":null}},"line":92},"5":{"name":"checkCoachConflict","decl":{"start":{"line":152,"column":22},"end":{"line":152,"column":null}},"loc":{"start":{"line":157,"column":27},"end":{"line":198,"column":null}},"line":157},"6":{"name":"(anonymous_6)","decl":{"start":{"line":170,"column":39},"end":{"line":170,"column":44}},"loc":{"start":{"line":170,"column":44},"end":{"line":170,"column":56}},"line":170},"7":{"name":"checkDriverConflict","decl":{"start":{"line":208,"column":22},"end":{"line":208,"column":null}},"loc":{"start":{"line":213,"column":27},"end":{"line":242,"column":null}},"line":213},"8":{"name":"checkCoachesConflictBatch","decl":{"start":{"line":272,"column":22},"end":{"line":272,"column":null}},"loc":{"start":{"line":282,"column":3},"end":{"line":386,"column":null}},"line":282},"9":{"name":"(anonymous_9)","decl":{"start":{"line":337,"column":29},"end":{"line":337,"column":30}},"loc":{"start":{"line":337,"column":44},"end":{"line":342,"column":3}},"line":337},"10":{"name":"(anonymous_10)","decl":{"start":{"line":345,"column":30},"end":{"line":345,"column":31}},"loc":{"start":{"line":345,"column":45},"end":{"line":350,"column":3}},"line":345}},"branchMap":{"0":{"loc":{"start":{"line":62,"column":2},"end":{"line":64,"column":null}},"type":"if","locations":[{"start":{"line":62,"column":2},"end":{"line":64,"column":null}},{"start":{},"end":{}}],"line":62},"1":{"loc":{"start":{"line":62,"column":6},"end":{"line":62,"column":94}},"type":"binary-expr","locations":[{"start":{"line":62,"column":6},"end":{"line":62,"column":48}},{"start":{"line":62,"column":48},"end":{"line":62,"column":94}}],"line":62},"2":{"loc":{"start":{"line":67,"column":2},"end":{"line":69,"column":null}},"type":"if","locations":[{"start":{"line":67,"column":2},"end":{"line":69,"column":null}},{"start":{},"end":{}}],"line":67},"3":{"loc":{"start":{"line":67,"column":6},"end":{"line":67,"column":94}},"type":"binary-expr","locations":[{"start":{"line":67,"column":6},"end":{"line":67,"column":48}},{"start":{"line":67,"column":48},"end":{"line":67,"column":94}}],"line":67},"4":{"loc":{"start":{"line":72,"column":2},"end":{"line":74,"column":null}},"type":"if","locations":[{"start":{"line":72,"column":2},"end":{"line":74,"column":null}},{"start":{},"end":{}}],"line":72},"5":{"loc":{"start":{"line":72,"column":8},"end":{"line":72,"column":91}},
[...]
9,"column":2},"end":{"line":31,"column":null}},"4":{"start":{"line":30,"column":4},"end":{"line":30,"column":null}},"5":{"start":{"line":33,"column":15},"end":{"line":33,"column":null}},"6":{"start":{"line":34,"column":16},"end":{"line":34,"column":null}},"7":{"start":{"line":35,"column":14},"end":{"line":35,"column":null}},"8":{"start":{"line":37,"column":2},"end":{"line":37,"column":null}},"9":{"start":{"line":55,"column":2},"end":{"line":57,"column":null}},"10":{"start":{"line":56,"column":4},"end":{"line":56,"column":null}},"11":{"start":{"line":59,"column":12},"end":{"line":59,"column":null}},"12":{"start":{"line":61,"column":2},"end":{"line":63,"column":null}},"13":{"start":{"line":62,"column":4},"end":{"line":62,"column":null}},"14":{"start":{"line":65,"column":16},"end":{"line":65,"column":null}},"15":{"start":{"line":66,"column":18},"end":{"line":66,"column":null}},"16":{"start":{"line":68,"column":2},"end":{"line":68,"column":null}},"17":{"start":{"line":86,"column":2},"end":{"line":86,"column":null}},"18":{"start":{"line":102,"column":2},"end":{"line":104,"column":null}},"19":{"start":{"line":103,"column":4},"end":{"line":103,"column":null}},"20":{"start":{"line":106,"column":2},"end":{"line":106,"column":null}},"21":{"start":{"line":122,"column":2},"end":{"line":124,"column":null}},"22":{"start":{"line":123,"column":4},"end":{"line":123,"column":null}},"23":{"start":{"line":127,"column":16},"end":{"line":127,"column":null}},"24":{"start":{"line":128,"column":2},"end":{"line":130,"column":null}},"25":{"start":{"line":129,"column":4},"end":{"line":129,"column":null}},"26":{"start":{"line":132,"column":2},"end":{"line":132,"column":null}},"27":{"start":{"line":152,"column":2},"end":{"line":154,"column":null}},"28":{"start":{"line":153,"column":4},"end":{"line":153,"column":null}},"29":{"start":{"line":156,"column":20},"end":{"line":159,"column":null}},"30":{"start":{"line":161,"column":2},"end":{"line":161,"column":null}},"31":{"start":{"line":182,"column":2},"end":{"line":184,"column":null}},"32":{"start":{"line":183,"column":4},"end":{"line":183,"column":null}},"33":{"start":{"line":186,"column":16},"end":{"line":186,"column":null}},"34":{"start":{"line":187,"column":15},"end":{"line":187,"column":null}},"35":{"start":{"line":189,"column":2},"end":{"line":197,"column":null}},"36":{"start":{"line":190,"column":4},"end":{"line":190,"column":null}},"37":{"start":{"line":190,"column":31},"end":{"line":190,"column":null}},"38":{"start":{"line":191,"column":4},"end":{"line":191,"column":null}},"39":{"start":{"line":191,"column":19},"end":{"line":191,"column":null}},"40":{"start":{"line":192,"column":4},"end":{"line":192,"column":null}},"41":{"start":{"line":194,"column":4},"end":{"line":194,"column":null}},"42":{"start":{"line":194,"column":31},"end":{"line":194,"column":null}},"43":{"start":{"line":195,"column":4},"end":{"line":195,"column":null}},"44":{"start":{"line":195,"column":19},"end":{"line":195,"column":null}},"45":{"start":{"line":196,"column":4},"end":{"line":196,"column":null}},"46":{"start":{"line":213,"column":41},"end":{"line":218,"column":null}},"47":{"start":{"line":220,"column":2},"end":{"line":220,"column":null}},"48":{"start":{"line":236,"column":41},"end":{"line":240,"column":null}},"49":{"start":{"line":242,"column":2},"end":{"line":242,"column":null}},"50":{"start":{"line":258,"column":41},"end":{"line":262,"column":null}},"51":{"start":{"line":264,"column":2},"end":{"line":264,"column":null}},"52":{"start":{"line":280,"column":2},"end":{"line":282,"column":null}},"53":{"start":{"line":281,"column":4},"end":{"line":281,"column":null}},"54":{"start":{"line":284,"column":2},"end":{"line":284,"column":null}},"55":{"start":{"line":302,"column":2},"end":{"line":304,"column":null}},"56":{"start":{"line":303,"column":4},"end":{"line":303,"column":null}},"57":{"start":{"line":306,"column":24},"end":{"line":306,"column":null}},"58":{"start":{"line":307,"column":20},"end":{"line":307,"column":null}},"59":{"start":{"line":308,"column":18},"end":{"line":308,"column":null}},"60":{"start":{"line":310,"column":2},"end":{"line":313,"column":null}},"61":{"start":{"line":327,"column":14},"end":{"line":327,"column":null}},"62":{"start":{"line":328,"column":15},"end":{"line":328,"column":null}},"63":{"start":{"line":329,"column":16},"end":{"line":329,"column":null}},"64":{"start":{"line":330,"column":14},"end":{"line":330,"column":null}},"65":{"start":{"line":331,"column":16},"end":{"line":331,"column":null}},"66":{"start":{"line":332,"column":18},"end":{"line":332,"column":null}},"67":{"start":{"line":333,"column":18},"end":{"line":333,"column":null}},"68":{"start":{"line":335,"column":2},"end":{"line":335,"column":null}},"69":{"start":{"line":349,"column":14},"end":{"line":349,"column":null}},"70":{"start":{"line":350,"column":15},"end":{"line":350,"column":null}},"71":{"start":{"line":351,"column":16},"end":{"line":351,"column":null}},"72":{"start":{"line":352,"column":14},"end":{"line":352,"column":null}},"73":{"start":{"line":354,"column":2},"end":{"line":354,"column":null}}},"fnMap":{"0":{"name":"formatDate","decl":{"start":{"line":22,"column":16},"end":{"line":22,"column":27}},"loc":{"start":{"line":22,"column":56},"end":{"line":38,"column":null}},"line":22},"1":{"name":"formatTime","decl":{"start":{"line":54,"column":16},"end":{"line":54,"column":27}},"loc":{"start":{"line":54,"column":60},"end":{"line":69,"column":null}},"line":54},"2":{"name":"formatDateTime","decl":{"start":{"line":85,"column":16},"end":{"line":85,"column":31}},"loc":{"start":{"line":85,"column":64},"end":{"line":87,"column":null}},"line":85},"3":{"name":"extractDate","decl":{"start":{"line":101,"column":16},"end":{"line":101,"column":28}},"loc":{"start":{"line":101,"column":55},"end":{"line":107,"column":null}},"line":101},"4":{"name":"extractTime","decl":{"start":{"line":121,"column":16},"end":{"line":121,"column":28}},"loc":{"start":{"line":121,"column":55},"end":{"line":133,"column":null}},"line":121},"5":{"name":"formatCurrency","decl":{"start":{"line":151,"column":16},"end":{"line":151,"column":31}},"loc":{"start":{"line":151,"column":83},"end":{"line":162,"column":null}},"line":151},"6":{"name":"formatDuration","decl":{"start":{"line":181,"column":16},"end":{"line":181,"column":31}},"loc":{"start":{"line":181,"column":86},"end":{"line":198,"column":null}},"line":181},"7":{"name":"getPaymentMethodLabel","decl":{"start":{"line":212,"column":16},"end":{"line":212,"column":38}},"loc":{"start":{"line":212,"column":62},"end":{"line":221,"column":null}},"line":212},"8":{"name":"getLessonTypeLabel","decl":{"start":{"line":235,"column":16},"end":{"line":235,"column":35}},"loc":{"start":{"line":235,"column":57},"end":{"line":243,"column":null}},"line":235},"9":{"name":"getParticipantStatusLabel","decl":{"start":{"line":257,"column":16},"end":{"line":257,"column":42}},"loc":{"start":{"line":257,"column":66},"end":{"line":265,"column":null}},"line":257},"10":{"name":"getMemberDisplayName","decl":{"start":{"line":279,"column":16},"end":{"line":279,"column":37}},"loc":{"start":{"line":279,"column":97},"end":{"line":285,"column":null}},"line":279},"11":{"name":"getMonthRange","decl":{"start":{"line":301,"column":16},"end":{"line":301,"column":30}},"loc":{"start":{"line":301,"column":89},"end":{"line":314,"column":null}},"line":301},"12":{"name":"getLocalTimestamp","decl":{"start":{"line":326,"column":16},"end":{"line":326,"column":44}},"loc":{"start":{"line":326,"column":44},"end":{"line":336,"column":null}},"line":326},"13":{"name":"getLocalDateString","decl":{"start":{"line":348,"column":16},"end":{"line":348,"column":45}},"loc":{"start":{"line":348,"column":45},"end":{"line":355,"column":null}},"line":348}},"branchMap":{"0":{"loc":{"start":{"line":23,"column":2},"end":{"line":25,"column":null}},"type":"if","locations":[{"start":{"line":23,"column":2},"end":{"line":25,"column":null}},{"start":{},"end":{}}],"line":23},"1":{"loc":{"start":{"line":27,"column":12},"end":{"line":27,"column":null}},"type":"cond-expr","locations":[{"start":{"line":27,"column":39},"end":{"line":27,"column":56}},{"start":{"line":27,"column":56},"end":{"line":27,"column":null}}],"line":27},"2":{"loc":{"start":{"line":29,"column":2},"end":{"line":31,"column":null}},"type":"if","locations":[{"start":{"line":29,"column":2},"end":{"line":31,"column":null}},{"start":{},"end":{}}],"line":29},"3":{"loc":{"start":{"line":55,"column":2},"end":{"line":57,"column":null}},"type":"if","locations":[{"start":{"line":55,"column":2},"end":{"line":57,"column":null}},{"start":{},"end":{}}],"line":55},"4":{"loc":{"start":{"line":59,"column":12},"end":{"line":59,"column":null}},"type":"cond-expr","locations":[{"start":{"line":59,"column":43},"end":{"line":59,"column":64}},{"start":{"line":59,"column":64},"end":{"line":59,"column":null}}],"line":59},"5":{"loc":{"start":{"line":61,"column":2},"end":{"line":63,"column":null}},"type":"if","locations":[{"start":{"line":61,"column":2},"end":{"line":63,"column":null}},{"start":{},"end":{}}],"line":61},"6":{"loc":{"start":{"line":102,"column":2},"end":{"line":104,"column":null}},"type":"if","locations":[{"start":{"line":102,"column":2},"end":{"line":104,"column":null}},{"start":{},"end":{}}],"line":102},"7":{"loc":{"start":{"line":102,"column":6},"end":{"line":102,"column":51}},"type":"binary-expr","locations":[{"start":{"line":102,"column":6},"end":{"line":102,"column":20}},{"start":{"line":102,"column":20},"end":{"line":102,"column":51}}],"line":102},"8":{"loc":{"start":{"line":122,"column":2},"end":{"line":124,"column":null}},"type":"if","locations":[{"start":{"line":122,"column":2},"end":{"line":124,"column":null}},{"start":{},"end":{}}],"line":122},"9":{"loc":{"start":{"line":122,"column":6},"end":{"line":122,"column":51}},"type":"binary-expr","locations":[{"start":{"line":122,"column":6},"end":{"line":122,"column":20}},{"start":{"line":122,"column":20},"end":{"line":122,"column":51}}],"line":122},"10":{"loc":{"start":{"line":128,"column":2},"end":{"line":130,"column":null}},"type":"if","locations":[{"start":{"line":128,"column":2},"end":{"line":130,"column":null}},{"start":{},"end":{}}],"line":128},"11":{"loc":{"start":{"line":151,"column":47},"end":{"line":151,"column":83}},"type":"default-arg","locations":[{"start":{"line":151,"column":69},"end":{"line":151,"column":83}}],"line":151},"12":{"loc":{"start":{"line":152,"column":2},"end":{"line":154,"column":null}},"type":"if","locations":[{"start":{"line":152,"column":2},"end":{"line":154,"column":null}},{"start":{},"end":{}}],"line":152},"13":{"loc":{"start":{"line":152,"column":6},"end":{"line":152,"column":51}},"type":"binary-expr","locations":[{"start":{"line":152,"column":6},"end":{"line":152,"column":36}},{"start":{"line":152,"column":36},"end":{"line":152,"column":51}}],"line":152},"14":{"loc":{"start":{"line":161,"column":9},"end":{"line":161,"column":null}},"type":"cond-expr","locations":[{"start":{"line":161,"column":22},"end":{"line":161,"column":40}},{"start":{"line":161,"column":40},"end":{"line":161,"column":null}}],"line":161},"15":{"loc":{"start":{"line":181,"column":48},"end":{"line":181,"column":86}},"type":"default-arg","locations":[{"start":{"line":181,"column":71},"end":{"line":181,"column":86}}],"line":181},"16":{"loc":{"start":{"line":182,"column":2},"end":{"line":184,"column":null}},"type":"if","locations":[{"start":{"line":182,"column":2},"end":{"line":184,"column":null}},{"start":{},"end":{}}],"line":182},"17":{"loc":{"start":{"line":182,"column":6},"end":{"line":182,"column":68}},"type":"binary-expr","locations":[{"start":{"line":182,"column":6},"end":{"line":182,"column":37}},{"start":{"line":182,"column":37},"end":{"line":182,"column":55}},{"start":{"line":182,"column":55},"end":{"line":182,"column":68}}],"line":182},"18":{"loc":{"start":{"line":189,"column":2},"end":{"line":197,"column":null}},"type":"if","locations":[{"start":{"line":189,"column":2},"end":{"line":197,"column":null}},{"start":{"line":193,"column":9},"end":{"line":197,"column":null}}],"line":189},"19":{"loc":{"start":{"line":190,"column":4},"end":{"line":190,"column":null}},"type":"if","locations":[{"start":{"line":190,"column":4},"end":{"line":190,"column":null}},{"start":{},"end":{}}],"line":190},"20":{"loc":{"start":{"line":190,"column":8},"end":{"line":190,"column":31}},"type":"binary-expr","locations":[{"start":{"line":190,"column":8},"end":{"line":190,"column":21}},{"start":{"line":190,"column":21},"end":{"line":190,"column":31}}],"line":190},"21":{"loc":{"start":{"line":191,"column":4},"end":{"line":191,"column":null}},"type":"if","locations":[{"start":{"line":191,"column":4},"end":{"line":191,"column":null}},{"start":{},"end":{}}],"line":191},"22":{"loc":{"start":{"line":194,"column":4},"end":{"line":194,"column":null}},"type":"if","locations":[{"start":{"line":194,"column":4},"end":{"line":194,"column":null}},{"start":{},"end":{}}],"line":194},"23":{"loc":{"start":{"line":194,"column":8},"end":{"line":194,"column":31}},"type":"binary-expr","locations":[{"start":{"line":194,"column":8},"end":{"line":194,"column":21}},{"start":{"line":194,"column":21},"end":{"line":194,"column":31}}],"line":194},"24":{"loc":{"start":{"line":195,"column":4},"end":{"line":195,"column":null}},"type":"if","locations":[{"start":{"line":195,"column":4},"end":{"line":195,"column":null}},{"start":{},"end":{}}],"line":195},"25":{"loc":{"start":{"line":220,"column":9},"end":{"line":220,"column":null}},"type":"binary-expr","locations":[{"start":{"line":220,"column":9},"end":{"line":220,"column":27}},{"start":{"line":220,"column":27},"end":{"line":220,"column":null}}],"line":220},"26":{"loc":{"start":{"line":242,"column":9},"end":{"line":242,"column":null}},"type":"binary-expr","locations":[{"start":{"line":242,"column":9},"end":{"line":242,"column":25}},{"start":{"line":242,"column":25},"end":{"line":242,"column":null}}],"line":242},"27":{"loc":{"start":{"line":264,"column":9},"end":{"line":264,"column":null}},"type":"binary-expr","locations":[{"start":{"line":264,"column":9},"end":{"line":264,"column":27}},{"start":{"line":264,"column":27},"end":{"line":264,"column":null}}],"line":264},"28":{"loc":{"start":{"line":280,"column":2},"end":{"line":282,"column":null}},"type":"if","locations":[{"start":{"line":280,"column":2},"end":{"line":282,"column":null}},{"start":{},"end":{}}],"line":280},"29":{"loc":{"start":{"line":284,"column":9},"end":{"line":284,"column":null}},"type":"binary-expr","locations":[{"start":{"line":284,"column":9},"end":{"line":284,"column":28}},{"start":{"line":284,"column":28},"end":{"line":284,"column":null}}],"line":284},"30":{"loc":{"start":{"line":302,"column":2},"end":{"line":304,"column":null}},"type":"if","locations":[{"start":{"line":302,"column":2},"end":{"line":304,"column":null}},{"start":{},"end":{}}],"line":302},"31":{"loc":{"start":{"line":302,"column":6},"end":{"line":302,"column":87}},"type":"binary-expr","locations":[{"start":{"line":302,"column":6},"end":{"line":302,"column":20}},{"start":{"line":302,"column":20},"end":{"line":302,"column":53}},{"start":{"line":302,"column":53},"end":{"line":302,"column":87}}],"line":302}},"s":{"0":19,"1":2,"2":17,"3":19,"4":2,"5":15,"6":15,"7":15,"8":15,"9":9,"10":2,"11":7,"12":9,"13":2,"14":5,"15":5,"16":5,"17":2,"18":5,"19":3,"20":2,"21":5,"22":1,"23":4,"24":4,"25":2,"26":2,"27":8,"28":3,"29":5,"30":5,"31":13,"32":3,"33":10,"34":10,"35":10,"36":4,"37":1,"38":3,"39":1,"40":2,"41":6,"42":2,"43":4,"44":4,"45":2,"46":5,"47":5,"48":4,"49":4,"50":4,"51":4,"52":5,"53":2,"54":3,"55":10,"56":5,"57":5,"58":5,"59":5,"60":5,"61":0,"62":0,"63":0,"64":0,"65":0,"66":0,"67":0,"68":0,"69":0,"70":0,"71":0,"72":0,"73":0},"f":{"0":19,"1":9,"2":2,"3":5,"4":5,"5":8,"6":13,"7":5,"8":4,"9":4,"10":5,"11":10,"12":0,"13":0},"b":{"0":[2,17],"1":[4,13],"2":[2,17],"3":[2,7],"4":[4,3],"5":[2,7],"6":[3,2],"7":[5,3],"8":[1,4],"9":[5,4],"10":[2,2],"11":[8],"12":[3,5],"13":[8,6],"14":[4,1],"15":[13],"16":[3,10],"17":[13,12,12],"18":[4,6],"19":[1,3],"20":[4,2],"21":[1,2],"22":[2,4],"23":[6,4],"24":[2,2],"25":[5,1],"26":[4,1],"27":[4,1],"28":[2,3],"29":[3,2],"30":[5,5],"31":[10,8,8]},"meta":{"lastBranch":32,"lastFunction":14,"lastStatement":74,"seen":{"f:22:16:22:27":0,"b:23:2:25:Infinity:undefined:undefined:undefined:undefined":0,"s:23:2:25:Infinity":0,"s:24:4:24:Infinity":1,"s:27:12:27:Infinity":2,"b:27:39:27:56:27:56:27:Infinity":1,"b:29:2:31:Infinity:undefined:undefined:undefined:undefined":2,"s:29:2:31:Infinity":3,"s:30:4:30:Infinity":4,"s:33:15:33:Infinity":5,"s:34:16:34:Infinity":6,"s:35:14:35:Infinity":7,"s:37:2:37:Infinity":8,"f:54:16:54:27":1,"b:55:2:57:Infinity:undefined:undefined:undefined:undefined":3,"s:55:2:57:Infinity":9,"s:56:4:56:Infinity":10,"s:59:12:59:Infinity":11,"b:59:43:59:64:59:64:59:Infinity":4,"b:61:2:63:Infinity:undefined:undefined:undefined:undefined":5,"s:61:2:63:Infinity":12,"s:62:4:62:Infinity":13,"s:65:16:65:Infinity":14,"s:66:18:66:Infinity":15,"s:68:2:68:Infinity":16,"f:85:16:85:31":2,"s:86:2:86:Infinity":17,"f:101:16:101:28":3,"b:102:2:104:Infinity:undefined:undefined:undefined:undefined":6,"s:102:2:104:Infinity":18,"b:102:6:102:20:102:20:102:51":7,"s:103:4:103:Infinity":19,"s:106:2:106:Infinity":20,"f:121:16:121:28":4,"b:122:2:124:Infinity:undefined:undefined:undefined:undefined":8,"s:122:2:124:Infinity":21,"b:122:6:122:20:122:20:122:51":9,"s:123:4:123:Infinity":22,"s:127:16:127:Infinity":23,"b:128:2:130:Infinity:undefined:undefined:undefined:undefined":10,"s:128:2:130:Infinity":24,"s:129:4:129:Infinity":25,"s:132:2:132:Infinity":26,"f:151:16:151:31":5,"b:151:69:151:83":11,"b:152:2:154:Infinity:undefined:undefined:undefined:undefined":12,"s:152:2:154:Infinity":27,"b:152:6:152:36:152:36:152:51":13,"s:153:4:153:Infinity":28,"s:156:20:159:Infinity":29,"s:161:2:161:Infinity":30,"b:161:22:161:40:161:40:161:Infinity":14,"f:181:16:181:31":6,"b:181:71:181:86":15,"b:182:2:184:Infinity:undefined:undefined:undefined:undefined":16,"s:182:2:184:Infinity":31,"b:182:6:182:37:182:37:182:55:182:55:182:68":17,"s:183:4:183:Infinity":32,"s:186:16:186:Infinity":33,"s:187:15:187:Infinity":34,"b:189:2:197:Infinity:193:9:197:Infinity":18,"s:189:2:197:Infinity":35,"b:190:4:190:Infinity:undefined:undefined:undefined:undefined":19,"s:190:4:190:Infinity":36,"b:190:8:190:21:190:21:190:31":20,"s:190:31:190:Infinity":37,"b:191:4:191:Infinity:undefined:undefined:undefined:undefined":21,"s:191:4:191:Infinity":38,"s:191:19:191:Infinity":39,"s:192:4:192:Infinity":40,"b:194:4:194:Infinity:undefined:undefined:undefined:undefined":22,"s:194:4:194:Infinity":41,"b:194:8:194:21:194:21:194:31":23,"s:194:31:194:Infinity":42,"b:195:4:195:Infinity:undefined:undefined:undefined:undefined":24,"s:195:4:195:Infinity":43,"s:195:19:195:Infinity":44,"s:196:4:196:Infinity":45,"f:212:16:212:38":7,"s:213:41:218:Infinity":46,"s:220:2:220:Infinity":47,"b:220:9:220:27:220:27:220:Infinity":25,"f:235:16:235:35":8,"s:236:41:240:Infinity":48,"s:242:2:242:Infinity":49,"b:242:9:242:25:242:25:242:Infinity":26,"f:257:16:257:42":9,"s:258:41:262:Infinity":50,"s:264:2:264:Infinity":51,"b:264:9:264:27:264:27:264:Infinity":27,"f:279:16:279:37":10,"b:280:2:282:Infinity:undefined:undefined:undefined:undefined":28,"s:280:2:282:Infinity":52,"s:281:4:281:Infinity":53,"s:284:2:284:Infinity":54,"b:284:9:284:28:284:28:284:Infinity":29,"f:301:16:301:30":11,"b:302:2:304:Infinity:undefined:undefined:undefined:undefined":30,"s:302:2:304:Infinity":55,"b:302:6:302:20:302:20:302:53:302:53:302:87":31,"s:303:4:303:Infinity":56,"s:306:24:306:Infinity":57,"s:307:20:307:Infinity":58,"s:308:18:308:Infinity":59,"s:310:2:313:Infinity":60,"f:326:16:326:44":12,"s:327:14:327:Infinity":61,"s:328:15:328:Infinity":62,"s:329:16:329:Infinity":63,"s:330:14:330:Infinity":64,"s:331:16:331:Infinity":65,"s:332:18:332:Infinity":66,"s:333:18:333:Infinity":67,"s:335:2:335:Infinity":68,"f:348:16:348:45":13,"s:349:14:349:Infinity":69,"s:350:15:350:Infinity":70,"s:351:16:351:Infinity":71,"s:352:14:352:Infinity":72,"s:354:2:354:Infinity":73}}}
}
